match1
Random|0.0010
Minimax|0.0656|45
Random|0.0020
Minimax|0.0582|37
Random|0.0015
Minimax|0.0590|38
Random|0.0010
Minimax|0.0603|41
Random|0.0010
Minimax|0.0647|44
Random|0.0010
Minimax|0.0522|35
Random|0.0010
Minimax|0.0457|28
Random|0.0010
Minimax|0.0470|29
Random|0.0020
Minimax|0.0453|29
Random|0.0020
Minimax|0.0582|37
Random|0.0010
Minimax|0.0628|41
Random|0.0005
Minimax|0.0491|42
Random|0.0010
Minimax|0.0361|43
Random|0.0010
Minimax|0.0369|52
Random|0.0000
Minimax|0.0297|46
Random|0.0000
Minimax|0.0265|47
Random|0.0000
Minimax|0.0305|52
Random|0.0000
Minimax|0.0266|47
Random|0.0000
Minimax|0.0283|52
Random|0.0000
Minimax|0.0297|58
Random|0.0000
Minimax|0.0245|54
Random|0.0000
Minimax|0.0266|54
Random|0.0000
Minimax|0.0241|54
Random|0.0000
Minimax|0.0239|57
Random|0.0000
Minimax|0.0255|58
Random|0.0000
Minimax|0.0259|62
Random|0.0010
Minimax|0.0253|58
Random|0.0000
Minimax|0.0231|56
Random|0.0000
Minimax|0.0241|54
Random|0.0000
Minimax|0.0230|53
Random|0.0000
Minimax|0.0236|51
Random|0.0000
Minimax|0.0240|55
Random|0.0000
Minimax|0.0247|56
Random|0.0000
Minimax|0.0236|56
Random|0.0000
Minimax|0.0255|57
Random|0.0000
Minimax|0.0252|60
Random|0.0000
Minimax|0.0260|59
Random|0.0000
Minimax|0.0246|60
Random|0.0000
Minimax|0.0256|58
Random|0.0000
Minimax|0.0253|61
Random|0.0000
Minimax|0.0258|60
Random|0.0000
Minimax|0.0242|58
Random|0.0000
Minimax|0.0228|52
Random|0.0000
Minimax|0.0234|58
CHECKMATE,BLACKWINS

match2
Random|0.0005
Minimax|0.0573|41
Random|0.0010
Minimax|0.0517|44
Random|0.0010
Minimax|0.0492|42
Random|0.0000
Minimax|0.0614|43
Random|0.0010
Minimax|0.0505|37
Random|0.0010
Minimax|0.0463|37
Random|0.0010
Minimax|0.0380|43
Random|0.0000
Minimax|0.0371|41
Random|0.0000
Minimax|0.0384|43
Random|0.0000
Minimax|0.0376|44
Random|0.0000
Minimax|0.0548|52
Random|0.0010
Minimax|0.0527|56
CHECKMATE,BLACKWINS

match3
Random|0.0012
Minimax|0.0698|44
Random|0.0010
Minimax|0.0583|36
Random|0.0010
Minimax|0.0417|26
Random|0.0007
Minimax|0.0531|34
Random|0.0010
Minimax|0.0442|30
Random|0.0010
Minimax|0.0460|31
Random|0.0010
Minimax|0.0406|32
Random|0.0000
Minimax|0.0326|32
Random|0.0010
Minimax|0.0212|20
Random|0.0010
Minimax|0.0315|28
Random|0.0010
Minimax|0.0336|33
Random|0.0010
Minimax|0.0331|32
Random|0.0010
Minimax|0.0267|27
Random|0.0000
Minimax|0.0276|28
Random|0.0000
Minimax|0.0322|35
Random|0.0010
Minimax|0.0242|44
Random|0.0010
Minimax|0.0232|44
Random|0.0000
Minimax|0.0221|43
Random|0.0000
Minimax|0.0206|44
Random|0.0000
Minimax|0.0240|46
Random|0.0000
Minimax|0.0236|46
Random|0.0000
Minimax|0.0246|50
Random|0.0000
Minimax|0.0235|51
Random|0.0000
Minimax|0.0200|44
CHECKMATE,BLACKWINS

match4:
Random|0.0010
Minimax|0.0720|44
Random|0.0010
Minimax|0.0561|37
Random|0.0020
Minimax|0.0576|45
Random|0.0010
Minimax|0.0496|39
Random|0.0010
Minimax|0.0568|46
Random|0.0010
Minimax|0.0487|42
Random|0.0000
Minimax|0.0504|44
Random|0.0010
Minimax|0.0476|39
Random|0.0010
Minimax|0.0362|27
Random|0.0010
Minimax|0.0388|29
Random|0.0010
Minimax|0.0300|27
Random|0.0010
Minimax|0.0402|35
Random|0.0010
Minimax|0.0466|40
Random|0.0000
Minimax|0.0556|44
Random|0.0010
Minimax|0.0591|48
Random|0.0010
Minimax|0.0544|57
Random|0.0000
Minimax|0.0396|46
Random|0.0000
Minimax|0.0330|59
Random|0.0000
Minimax|0.0317|58
Random|0.0000
Minimax|0.0310|61
Random|0.0015
Minimax|0.0302|59
Random|0.0000
Minimax|0.0300|62
Random|0.0000
Minimax|0.0245|55
Random|0.0000
Minimax|0.0277|54
Random|0.0000
Minimax|0.0250|54
Random|0.0000
Minimax|0.0245|57
CHECKMATE,BLACKWINS

match5:
Random|0.0010
Minimax|0.0710|45
Random|0.0020
Minimax|0.0577|37
Random|0.0021
Minimax|0.0671|45
Random|0.0011
Minimax|0.0553|41
Random|0.0010
Minimax|0.0460|37
Random|0.0010
Minimax|0.0577|44
Random|0.0005
Minimax|0.0474|38
Random|0.0005
Minimax|0.0465|37
Random|0.0010
Minimax|0.0512|34
Random|0.0000
Minimax|0.0459|34
Random|0.0010
Minimax|0.0586|42
Random|0.0010
Minimax|0.0556|42
Random|0.0010
Minimax|0.0570|50
Random|0.0000
Minimax|0.0467|50
Random|0.0000
Minimax|0.0451|50
Random|0.0010
Minimax|0.0447|48
Random|0.0005
Minimax|0.0467|51
Random|0.0000
Minimax|0.0046|5
Random|0.0000
Minimax|0.0335|62
Random|0.0000
Minimax|0.0316|67
CHECKMATE,BLACKWINS

match6:
Random|0.0010
Minimax|0.0686|45
Random|0.0020
Minimax|0.0599|44
Random|0.0010
Minimax|0.0588|38
Random|0.0015
Minimax|0.0566|39
Random|0.0000
Minimax|0.0478|44
Random|0.0005
Minimax|0.0531|44
Random|0.0010
Minimax|0.0410|37
Random|0.0010
Minimax|0.0445|39
Random|0.0010
Minimax|0.0382|38
Random|0.0010
Minimax|0.0419|37
Random|0.0000
Minimax|0.0412|35
Random|0.0010
Minimax|0.0463|40
Random|0.0000
Minimax|0.0383|36
Random|0.0010
Minimax|0.0390|38
Random|0.0000
Minimax|0.0336|40
Random|0.0000
Minimax|0.0267|46
Random|0.0000
Minimax|0.0301|49
Random|0.0000
Minimax|0.0265|45
Random|0.0000
Minimax|0.0318|56
Random|0.0000
Minimax|0.0329|61
Random|0.0000
Minimax|0.0292|59
Random|0.0000
Minimax|0.0317|60
Random|0.0000
Minimax|0.0292|61
Random|0.0000
Minimax|0.0320|65
Random|0.0000
Minimax|0.0326|63
Random|0.0000
Minimax|0.0345|67
Random|0.0000
Minimax|0.0358|78
Random|0.0000
Minimax|0.0335|76
Random|0.0000
Minimax|0.0326|76
CHECKMATE,BLACKWINS

match7:
Random|0.0005
Minimax|0.0665|43
Random|0.0005
Minimax|0.0635|42
Random|0.0010
Minimax|0.0529|36
Random|0.0010
Minimax|0.0499|37
Random|0.0000
Minimax|0.0550|42
Random|0.0015
Minimax|0.0555|42
Random|0.0010
Minimax|0.0521|42
Random|0.0000
Minimax|0.0495|41
Random|0.0000
Minimax|0.0565|45
Random|0.0005
Minimax|0.0549|37
Random|0.0005
Minimax|0.0535|37
Random|0.0010
Minimax|0.0487|35
Random|0.0010
Minimax|0.0530|43
Random|0.0010
Minimax|0.0526|46
Random|0.0000
Minimax|0.0378|48
Random|0.0010
Minimax|0.0201|33
Random|0.0010
Minimax|0.0250|41
Random|0.0005
Minimax|0.0301|46
Random|0.0000
Minimax|0.0280|47
Random|0.0000
Minimax|0.0262|53
Random|0.0000
Minimax|0.0320|60
Random|0.0000
Minimax|0.0316|60
Random|0.0000
Minimax|0.0280|61
Random|0.0000
Minimax|0.0299|63
Random|0.0000
Minimax|0.0282|58
Random|0.0000
Minimax|0.0253|61
CHECKMATE,BLACKWINS

match8:
Random|0.0021
Minimax|0.0674|45
Random|0.0010
Minimax|0.0644|41
Random|0.0010
Minimax|0.0591|38
Random|0.0010
Minimax|0.0555|38
Random|0.0006
Minimax|0.0586|40
Random|0.0010
Minimax|0.0647|46
Random|0.0016
Minimax|0.0551|40
Random|0.0000
Minimax|0.0488|43
Random|0.0010
Minimax|0.0371|35
Random|0.0010
Minimax|0.0348|35
Random|0.0000
Minimax|0.0361|34
Random|0.0010
Minimax|0.0376|39
Random|0.0000
Minimax|0.0442|46
Random|0.0010
Minimax|0.0480|53
Random|0.0010
Minimax|0.0416|53
Random|0.0000
Minimax|0.0373|50
Random|0.0000
Minimax|0.0385|38
Random|0.0010
Minimax|0.0440|51
Random|0.0000
Minimax|0.0425|56
Random|0.0000
Minimax|0.0405|57
Random|0.0005
Minimax|0.0467|60
Random|0.0000
Minimax|0.0285|56
Random|0.0000
Minimax|0.0303|55
Random|0.0000
Minimax|0.0241|49
Random|0.0000
Minimax|0.0212|48
Random|0.0000
Minimax|0.0239|52
Random|0.0000
Minimax|0.0228|53
Random|0.0010
Minimax|0.0269|60
Random|0.0000
Minimax|0.0241|56
Random|0.0000
Minimax|0.0247|55
Random|0.0000
Minimax|0.0231|56
Random|0.0000
Minimax|0.0217|49
Random|0.0000
Minimax|0.0241|58
Random|0.0000
Minimax|0.0262|57
Random|0.0010
Minimax|0.0242|58
Random|0.0000
Minimax|0.0210|47
Random|0.0000
Minimax|0.0170|42
Random|0.0000
Minimax|0.0230|51
Random|0.0000
Minimax|0.0197|46
Random|0.0000
Minimax|0.0226|51
Random|0.0000
Minimax|0.0200|45
Random|0.0000
Minimax|0.0243|51
Random|0.0000
Minimax|0.0195|48
Random|0.0000
Minimax|0.0210|47
Random|0.0000
Minimax|0.0209|50
Random|0.0000
Minimax|0.0216|50
Random|0.0000
Minimax|0.0201|50
Random|0.0000
Minimax|0.0232|54
Random|0.0000
Minimax|0.0222|52
Random|0.0000
Minimax|0.0242|52
Random|0.0000
Minimax|0.0190|46
Random|0.0000
Minimax|0.0245|53
Random|0.0000
Minimax|0.0206|49
Random|0.0000
Minimax|0.0220|50
Random|0.0000
Minimax|0.0191|44
Random|0.0000
Minimax|0.0218|52
CHECKMATE,BLACKWINS

match9:
Random|0.0010
Minimax|0.0664|43
Random|0.0010
Minimax|0.0561|35
Random|0.0010
Minimax|0.0714|43
Random|0.0017
Minimax|0.0590|37
Random|0.0010
Minimax|0.0110|6
Random|0.0000
Minimax|0.0527|44
Random|0.0010
Minimax|0.0330|36
Random|0.0000
Minimax|0.0346|38
Random|0.0000
Minimax|0.0350|40
Random|0.0000
Minimax|0.0319|40
Random|0.0010
Minimax|0.0307|41
Random|0.0000
Minimax|0.0286|39
Random|0.0000
Minimax|0.0307|45
Random|0.0010
Minimax|0.0394|58
Random|0.0000
Minimax|0.0401|55
Random|0.0010
Minimax|0.0466|62
Random|0.0000
Minimax|0.0425|61
Random|0.0000
Minimax|0.0456|68
Random|0.0000
Minimax|0.0487|66
Random|0.0000
Minimax|0.0356|61
Random|0.0000
Minimax|0.0321|55
Random|0.0000
Minimax|0.0275|55
Random|0.0000
Minimax|0.0278|59
Random|0.0000
Minimax|0.0236|53
CHECKMATE,BLACKWINS

match10:
Random|0.0010
Minimax|0.0711|44
Random|0.0010
Minimax|0.0651|39
Random|0.0010
Minimax|0.0545|36
Random|0.0010
Minimax|0.0507|38
Random|0.0010
Minimax|0.0400|31
Random|0.0010
Minimax|0.0454|36
Random|0.0010
Minimax|0.0546|41
Random|0.0010
Minimax|0.0638|44
Random|0.0010
Minimax|0.0466|39
Random|0.0000
Minimax|0.0548|48
Random|0.0010
Minimax|0.0450|51
Random|0.0000
Minimax|0.0481|52
Random|0.0000
Minimax|0.0397|57
Random|0.0000
Minimax|0.0401|57
Random|0.0000
Minimax|0.0369|54
Random|0.0000
Minimax|0.0331|54
Random|0.0000
Minimax|0.0311|56
Random|0.0000
Minimax|0.0368|61
Random|0.0000
Minimax|0.0291|58
Random|0.0000
Minimax|0.0337|66
Random|0.0000
Minimax|0.0311|67
Random|0.0000
Minimax|0.0357|74
Random|0.0000
Minimax|0.0338|72
Random|0.0000
Minimax|0.0364|74
CHECKMATE,BLACKWINS

match11:
Minimax|0.0723|44
Random|0.0015
Minimax|0.0604|36
Random|0.0010
Minimax|0.0366|22
Random|0.0010
Minimax|0.0456|30
Random|0.0010
Minimax|0.0341|24
Random|0.0010
Minimax|0.0481|29
Random|0.0020
Minimax|0.0322|20
Random|0.0010
Minimax|0.0435|28
Random|0.0020
Minimax|0.0452|33
Random|0.0020
Minimax|0.0451|34
Random|0.0010
Minimax|0.0581|42
Random|0.0010
Minimax|0.0673|43
Random|0.0000
Minimax|0.0541|45
Random|0.0010
Minimax|0.0475|45
Random|0.0010
Minimax|0.0503|42
Random|0.0000
Minimax|0.0457|41
Random|0.0000
Minimax|0.0422|42
Random|0.0000
Minimax|0.0342|43
Random|0.0010
Minimax|0.0241|41
Random|0.0000
Minimax|0.0166|32
Random|0.0015
Minimax|0.0158|32
Random|0.0000
Minimax|0.0171|33
Random|0.0000
Minimax|0.0188|34
Random|0.0000
Minimax|0.0161|35
Random|0.0000
Minimax|0.0170|36
Random|0.0000
Minimax|0.0170|38
Random|0.0010
Minimax|0.0140|34
Random|0.0000
Minimax|0.0166|38
Random|0.0000
Minimax|0.0161|38
CHECKMATE,REDWINS

match12:
Minimax|0.0727|44
Random|0.0015
Minimax|0.0537|34
Random|0.0010
Minimax|0.0391|22
Random|0.0015
Minimax|0.0524|30
Random|0.0010
Minimax|0.0336|23
Random|0.0010
Minimax|0.0324|21
Random|0.0010
Minimax|0.0419|26
Random|0.0010
Minimax|0.0398|27
Random|0.0010
Minimax|0.0493|34
Random|0.0010
Minimax|0.0499|45
Random|0.0010
Minimax|0.0394|36
Random|0.0010
Minimax|0.0413|40
Random|0.0010
Minimax|0.0311|47
CHECKMATE,REDWINS

match13:
Minimax|0.0720|44
Random|0.0010
Minimax|0.0517|37
Random|0.0010
Minimax|0.0484|38
Random|0.0000
Minimax|0.0476|39
Random|0.0012
Minimax|0.0501|46
Random|0.0000
Minimax|0.0455|42
Random|0.0000
Minimax|0.0486|43
Random|0.0000
Minimax|0.0430|38
Random|0.0013
Minimax|0.0369|31
Random|0.0000
Minimax|0.0396|31
Random|0.0010
Minimax|0.0441|37
Random|0.0010
Minimax|0.0477|41
Random|0.0010
Minimax|0.0256|27
Random|0.0010
Minimax|0.0321|35
Random|0.0000
Minimax|0.0266|32
CHECKMATE,REDWINS

match14:
Minimax|0.0722|44
Random|0.0020
Minimax|0.0633|40
Random|0.0010
Minimax|0.0446|28
Random|0.0025
Minimax|0.0506|36
Random|0.0010
Minimax|0.0418|32
Random|0.0000
Minimax|0.0414|33
Random|0.0013
Minimax|0.0466|36
Random|0.0010
Minimax|0.0552|44
Random|0.0010
Minimax|0.0561|40
Random|0.0010
Minimax|0.0571|43
Random|0.0010
Minimax|0.0604|45
Random|0.0010
Minimax|0.0810|54
Random|0.0010
Minimax|0.0695|52
Random|0.0010
Minimax|0.0600|43
Random|0.0000
Minimax|0.0533|49
Random|0.0005
Minimax|0.0383|38
Random|0.0000
Minimax|0.0443|49
Random|0.0011
Minimax|0.0349|43
Random|0.0000
Minimax|0.0434|47
Random|0.0010
Minimax|0.0341|43
Random|0.0010
Minimax|0.0426|48
Random|0.0000
Minimax|0.0266|53
Random|0.0000
Minimax|0.0256|49
Random|0.0000
Minimax|0.0300|55
Random|0.0000
Minimax|0.0269|55
Random|0.0000
Minimax|0.0260|56
Random|0.0000
Minimax|0.0308|60
Random|0.0000
Minimax|0.0288|58
Random|0.0000
Minimax|0.0303|65
Random|0.0000
Minimax|0.0256|61
CHECKMATE,REDWINS

match15:
Minimax|0.0709|44
Random|0.0010
Minimax|0.0588|36
Random|0.0010
Minimax|0.0439|31
Random|0.0010
Minimax|0.0431|33
Random|0.0005
Minimax|0.0317|28
Random|0.0010
Minimax|0.0393|39
Random|0.0000
Minimax|0.0442|39
Random|0.0010
Minimax|0.0560|43
Random|0.0000
Minimax|0.0596|49
Random|0.0010
Minimax|0.0689|57
Random|0.0015
Minimax|0.0771|62
Random|0.0010
Minimax|0.0572|47
Random|0.0010
Minimax|0.0774|55
Random|0.0010
Minimax|0.0700|58
Random|0.0000
Minimax|0.0486|45
Random|0.0000
Minimax|0.0510|42
Random|0.0000
Minimax|0.0567|41
Random|0.0010
Minimax|0.0421|34
Random|0.0010
Minimax|0.0286|35
Random|0.0000
Minimax|0.0222|27
Random|0.0010
Minimax|0.0231|31
Random|0.0000
Minimax|0.0198|30
Random|0.0010
Minimax|0.0201|36
Random|0.0000
Minimax|0.0242|41
Random|0.0000
Minimax|0.0251|44
Random|0.0000
Minimax|0.0252|45
Random|0.0000
Minimax|0.0236|47
Random|0.0000
Minimax|0.0211|44
Random|0.0000
Minimax|0.0235|46
Random|0.0000
Minimax|0.0225|48
Random|0.0000
Minimax|0.0200|48
Random|0.0000
Minimax|0.0210|44
Random|0.0000
Minimax|0.0163|39
Random|0.0000
Minimax|0.0256|54
Random|0.0000
Minimax|0.0216|51
Random|0.0000
Minimax|0.0236|50
Random|0.0000
Minimax|0.0225|50
Random|0.0000
Minimax|0.0230|51
Random|0.0000
Minimax|0.0206|49
Random|0.0000
Minimax|0.0232|52
Random|0.0000
Minimax|0.0206|48
Random|0.0000
Minimax|0.0242|52
Random|0.0000
Minimax|0.0211|48
Random|0.0010
Minimax|0.0251|54
Random|0.0000
Minimax|0.0223|50
Random|0.0000
Minimax|0.0190|42
Random|0.0010
Minimax|0.0187|44
Random|0.0000
Minimax|0.0189|41
Random|0.0000
Minimax|0.0219|51
Random|0.0000
Minimax|0.0243|51
Random|0.0000
Minimax|0.0211|52
Random|0.0000
Minimax|0.0246|53
Random|0.0005
Minimax|0.0180|43
Random|0.0005
Minimax|0.0226|46
Random|0.0000
Minimax|0.0191|44
CHECKMATE,REDWINS

match16:
Minimax|0.0709|44
Random|0.0010
Minimax|0.0564|37
Random|0.0020
Minimax|0.0347|23
Random|0.0010
Minimax|0.0480|30
Random|0.0010
Minimax|0.0362|24
Random|0.0010
Minimax|0.0436|31
Random|0.0000
Minimax|0.0326|26
Random|0.0010
Minimax|0.0421|34
Random|0.0010
Minimax|0.0473|39
Random|0.0010
Minimax|0.0477|40
Random|0.0000
Minimax|0.0570|47
Random|0.0000
Minimax|0.0622|47
Random|0.0000
Minimax|0.0650|47
Random|0.0010
Minimax|0.0060|4
Random|0.0000
Minimax|0.0579|47
Random|0.0000
Minimax|0.0530|49
Random|0.0000
Minimax|0.0323|49
Random|0.0000
Minimax|0.0294|48
Random|0.0005
Minimax|0.0261|51
Random|0.0000
Minimax|0.0306|57
Random|0.0000
Minimax|0.0268|57
Random|0.0000
Minimax|0.0232|45
Random|0.0000
Minimax|0.0251|47
Random|0.0000
Minimax|0.0252|48
Random|0.0000
Minimax|0.0196|45
Random|0.0000
Minimax|0.0227|48
Random|0.0000
Minimax|0.0202|47
Random|0.0000
Minimax|0.0221|50
Random|0.0000
Minimax|0.0195|48
CHECKMATE,REDWINS

match17:
Minimax|0.0739|44|
Random|0.0010|
Minimax|0.0585|36|
Random|0.0010|
Minimax|0.0440|31|
Random|0.0010|
Minimax|0.0539|33|
Random|0.0005|
Minimax|0.0520|34|
Random|0.0022|
Minimax|0.0533|35|
Random|0.0010|
Minimax|0.0527|35|
Random|0.0000|
Minimax|0.0517|36|
Random|0.0010|
Minimax|0.0501|35|
Random|0.0010|
Minimax|0.0562|43|
Random|0.0010|
Minimax|0.0623|48|
Random|0.0000|
Minimax|0.0430|33|
Random|0.0010|
Minimax|0.0508|41|
Random|0.0010|
Minimax|0.0612|46|
Random|0.0010|
Minimax|0.0527|47|
Random|0.0010|
Minimax|0.0577|46|
Random|0.0010|
Minimax|0.0459|53|
Random|0.0010|
Minimax|0.0506|56|
Random|0.0000|
Minimax|0.0465|46|
Random|0.0010|
Minimax|0.0469|48|
Random|0.0010|
Minimax|0.0440|48|
Random|0.0000|
Minimax|0.0450|48|
Random|0.0013|
Minimax|0.0471|49|
Random|0.0000|
Minimax|0.0390|50|
Random|0.0010|
Minimax|0.0452|51|
Random|0.0010|
Minimax|0.0281|51|
Random|0.0000|
Minimax|0.0296|52|
Random|0.0000|
Minimax|0.0266|52|
Random|0.0000|
Minimax|0.0287|51|
Random|0.0010|
Minimax|0.0286|54|
Random|0.0000|
Minimax|0.0311|57|
Random|0.0000|
Minimax|0.0275|55|
Random|0.0010|
Minimax|0.0276|54|
Random|0.0000|
Minimax|0.0258|52|
Random|0.0000|
Minimax|0.0282|57|
Random|0.0000|
Minimax|0.0251|52|
Random|0.0000|
Minimax|0.0261|56|
Random|0.0000|
Minimax|0.0235|50|
Random|0.0000|
Minimax|0.0216|50|
Random|0.0000|
Minimax|0.0242|51|
Random|0.0000|
Minimax|0.0230|50|
Random|0.0010|
Minimax|0.0221|47|
Random|0.0000|
Minimax|0.0239|52|
Random|0.0000|
Minimax|0.0211|45|
Random|0.0005|
Minimax|0.0185|42|
Random|0.0000|
Minimax|0.0226|46|
Random|0.0000|
Minimax|0.0210|47|
Random|0.0000|
Minimax|0.0222|45|
Random|0.0000|
Minimax|0.0200|43|
Random|0.0000|
Minimax|0.0236|50|
Random|0.0000|
Minimax|0.0231|48|
Random|0.0000|
Minimax|0.0196|41|
Random|0.0000|
Minimax|0.0191|40|
Random|0.0000|
Minimax|0.0157|35|
Random|0.0000|
Minimax|0.0163|35|
Random|0.0000|
Minimax|0.0187|37|
Random|0.0000|
Minimax|0.0202|42|
Random|0.0000|
Minimax|0.0207|42|
Random|0.0000|
Minimax|0.0211|43|
Random|0.0000|
Minimax|0.0216|42|
Random|0.0010|
Minimax|0.0190|42|
Random|0.0000|
Minimax|0.0206|43|
Random|0.0000|
Minimax|0.0217|50|
CHECKMATE,REDWINS

match18:
Minimax|0.0702|44|
Random|0.0010|
Minimax|0.0596|36|
Random|0.0005|
Minimax|0.0413|23|
Random|0.0010|
Minimax|0.0518|29|
Random|0.0012|
Minimax|0.0366|25|
Random|0.0010|
Minimax|0.0418|33|
Random|0.0010|
Minimax|0.0328|27|
Random|0.0000|
Minimax|0.0357|29|
Random|0.0010|
Minimax|0.0378|30|
Random|0.0010|
Minimax|0.0396|38|
Random|0.0013|
Minimax|0.0445|44|
Random|0.0010|
Minimax|0.0505|50|
Random|0.0000|
Minimax|0.0392|57|
Random|0.0000|
Minimax|0.0365|57|
Random|0.0010|
Minimax|0.0380|60|
Random|0.0000|
Minimax|0.0315|60|
Random|0.0000|
Minimax|0.0322|62|
Random|0.0000|
Minimax|0.0342|70|
Random|0.0000|
Minimax|0.0389|73|
Random|0.0000|
Minimax|0.0351|74|
Random|0.0000|
Minimax|0.0341|74|
Random|0.0000|
Minimax|0.0353|74|
Random|0.0000|
Minimax|0.0315|71|
Random|0.0000|
Minimax|0.0296|71|
CHECKMATE,REDWINS

match19:
Minimax|0.0724|44|
Random|0.0010|
Minimax|0.0540|35|
Random|0.0020|
Minimax|0.0686|44|
Random|0.0010|
Minimax|0.0661|46|
Random|0.0010|
Minimax|0.0546|42|
Random|0.0010|
Minimax|0.0551|37|
Random|0.0010|
Minimax|0.0565|36|
Random|0.0010|
Minimax|0.0439|28|
Random|0.0010|
Minimax|0.0450|29|
Random|0.0010|
Minimax|0.0415|26|
Random|0.0010|
Minimax|0.0546|30|
Random|0.0020|
Minimax|0.0442|31|
Random|0.0015|
Minimax|0.0399|32|
Random|0.0010|
Minimax|0.0337|37|
Random|0.0010|
Minimax|0.0390|42|
Random|0.0000|
Minimax|0.0344|40|
Random|0.0010|
Minimax|0.0376|41|
Random|0.0010|
Minimax|0.0439|49|
Random|0.0010|
Minimax|0.0400|47|
Random|0.0000|
Minimax|0.0241|48|
Random|0.0000|
Minimax|0.0239|55|
Random|0.0000|
Minimax|0.0270|58|
Random|0.0000|
Minimax|0.0263|60|
Random|0.0000|
Minimax|0.0248|60|
Random|0.0000|
Minimax|0.0266|60|
Random|0.0000|
Minimax|0.0226|55|
Random|0.0000|
Minimax|0.0232|54|
Random|0.0000|
Minimax|0.0235|56|
Random|0.0000|
Minimax|0.0243|55|
Random|0.0000|
Minimax|0.0241|57|
Random|0.0000|
Minimax|0.0247|56|
Random|0.0000|
Minimax|0.0225|54|
Random|0.0000|
Minimax|0.0237|53|
Random|0.0000|
Minimax|0.0236|56|
Random|0.0000|
Minimax|0.0230|52|
Random|0.0000|
Minimax|0.0219|53|
Random|0.0000|
Minimax|0.0214|50|
Random|0.0000|
Minimax|0.0205|51|
Random|0.0000|
Minimax|0.0211|48|
Random|0.0000|
Minimax|0.0212|51|
Random|0.0000|
Minimax|0.0217|49|
Random|0.0000|
Minimax|0.0211|50|
Random|0.0000|
Minimax|0.0215|49|
Random|0.0000|
Minimax|0.0210|50|
Random|0.0000|
Minimax|0.0225|49|
Random|0.0000|
Minimax|0.0208|48|
Random|0.0000|
Minimax|0.0200|45|
Random|0.0000|
Minimax|0.0170|39|
Random|0.0000|
Minimax|0.0186|40|
Random|0.0000|
Minimax|0.0176|41|
CHECKMATE,REDWINS

match20:
Minimax|0.0705|44|
Random|0.0010|
Minimax|0.0569|37|
Random|0.0010|
Minimax|0.0612|39|
Random|0.0010|
Minimax|0.0592|40|
Random|0.0010|
Minimax|0.0698|50|
Random|0.0010|
Minimax|0.0579|40|
Random|0.0010|
Minimax|0.0604|49|
Random|0.0000|
Minimax|0.0472|46|
Random|0.0020|
Minimax|0.0361|35|
Random|0.0012|
Minimax|0.0411|42|
Random|0.0000|
Minimax|0.0349|43|
Random|0.0000|
Minimax|0.0400|45|
Random|0.0000|
Minimax|0.0580|53|
Random|0.0010|
Minimax|0.0529|49|
Random|0.0000|
Minimax|0.0418|50|
Random|0.0000|
Minimax|0.0080|6|
Random|0.0010|
Minimax|0.0520|55|
Random|0.0010|
Minimax|0.0498|55|
Random|0.0000|
Minimax|0.0547|63|
Random|0.0000|
Minimax|0.0519|63|
Random|0.0010|
Minimax|0.0571|65|
Random|0.0000|
Minimax|0.0377|70|
Random|0.0000|
Minimax|0.0373|60|
Random|0.0000|
Minimax|0.0375|62|
Random|0.0000|
Minimax|0.0320|64|
Random|0.0000|
Minimax|0.0370|65|
Random|0.0000|
Minimax|0.0388|66|
Random|0.0000|
Minimax|0.0332|60|
CHECKMATE,REDWINS