Random|0.0022|
Minimax|1.3921|906|
Random|0.0010|
Minimax|1.2018|859|
Random|0.0020|
Minimax|0.6205|468|
Random|0.0020|
Minimax|0.5111|350|
Random|0.0010|
Minimax|0.4769|359|
Random|0.0010|
Minimax|0.3176|205|
Random|0.0010|
Minimax|0.4239|290|
Random|0.0010|
Minimax|0.7386|500|
Random|0.0010|
Minimax|1.4732|949|
Random|0.0010|
Minimax|0.6357|410|
Random|0.0010|
Minimax|0.3845|220|
Random|0.0020|
Minimax|0.4791|248|
Random|0.0010|
Minimax|0.4163|197|
Random|0.0010|
Minimax|1.2945|689|
Random|0.0000|
Minimax|0.9546|493|
Random|0.0010|
Minimax|1.8280|898|
Random|0.0010|
Minimax|0.4037|164|
Random|0.0010|
Minimax|0.7243|335|
Random|0.0010|
Minimax|0.2670|130|
Random|0.0000|
Minimax|0.1800|86|
Random|0.0000|
Minimax|0.3880|184|
Random|0.0000|
Minimax|0.1919|83|
Random|0.0000|
Minimax|0.1654|70|
Random|0.0000|
Minimax|0.2539|120|
Random|0.0000|
Minimax|0.1607|69|
Random|0.0010|
Minimax|0.1350|60|
Random|0.0000|
Minimax|0.1535|68|
Random|0.0000|
Minimax|0.1518|63|
Random|0.0010|
Minimax|0.1488|67|
Random|0.0000|
Minimax|0.1343|61|
Random|0.0000|
Minimax|0.1180|60|
CHECKMATE,BLACKWINS

match2:
Random|0.0010|
Minimax|0.8180|499|
Random|0.0010|
Minimax|0.5116|334|
Random|0.0010|
Minimax|0.2452|142|
Random|0.0010|
Minimax|0.6375|408|
Random|0.0010|
Minimax|0.6404|350|
Random|0.0020|
Minimax|1.8291|1026|
Random|0.0020|
Minimax|0.4878|250|
Random|0.0010|
Minimax|0.6687|333|
Random|0.0010|
Minimax|0.7086|364|
Random|0.0005|
Minimax|1.7899|959|
Random|0.0010|
Minimax|0.7025|337|
Random|0.0000|
Minimax|0.4226|178|
Random|0.0010|
Minimax|0.9448|409|
Random|0.0010|
Minimax|0.2879|101|
Random|0.0010|
Minimax|2.2350|1073|
Random|0.0010|
Minimax|0.5941|281|
Random|0.0000|
Minimax|0.9477|460|
Random|0.0010|
Minimax|0.0208|11|
Random|0.0000|
Minimax|0.0833|45|
Random|0.0000|
Minimax|0.2143|107|
Random|0.0011|
Minimax|0.1249|61|
Random|0.0005|
Minimax|0.2995|157|
Random|0.0000|
Minimax|0.2014|85|
Random|0.0000|
Minimax|0.0143|6|
Random|0.0000|
Minimax|0.1619|73|
CHECKMATE,BLACKWINS

match3:
Random|0.0010|
Minimax|0.9320|580|
Random|0.0020|
Minimax|0.3782|237|
Random|0.0010|
Minimax|0.6957|429|
Random|0.0000|
Minimax|0.1037|43|
Random|0.0000|
Minimax|0.3174|197|
CHECKMATE,BLACKWINS

match4:
Random|0.0010|
Minimax|1.6174|1030|
Random|0.0010|
Minimax|0.9123|576|
Random|0.0010|
Minimax|0.6955|485|
Random|0.0010|
Minimax|1.0747|736|
Random|0.0010|
Minimax|0.5681|336|
Random|0.0010|
Minimax|0.5198|267|
Random|0.0000|
Minimax|0.4100|195|
Random|0.0000|
Minimax|0.2838|148|
Random|0.0000|
Minimax|0.3033|171|
Random|0.0010|
Minimax|0.6005|352|
Random|0.0000|
Minimax|0.1993|111|
Random|0.0000|
Minimax|0.2668|146|
Random|0.0010|
Minimax|0.1786|87|
Random|0.0000|
Minimax|0.3045|138|
Random|0.0010|
Minimax|0.1912|80|
Random|0.0010|
Minimax|0.5650|278|
Random|0.0010|
Minimax|0.3723|170|
Random|0.0010|
Minimax|0.3272|140|
Random|0.0005|
Minimax|0.2950|135|
CHECKMATE,BLACKWINS

match5:
Random|0.0010|
Minimax|1.0361|648|
Random|0.0010|
Minimax|0.7377|447|
Random|0.0010|
Minimax|0.2234|123|
Random|0.0010|
Minimax|0.4085|237|
Random|0.0010|
Minimax|0.3102|180|
Random|0.0000|
Minimax|0.6487|446|
Random|0.0010|
Minimax|0.6872|464|
Random|0.0010|
Minimax|0.4608|294|
Random|0.0010|
Minimax|0.2322|137|
Random|0.0000|
Minimax|0.2060|121|
Random|0.0000|
Minimax|0.1921|114|
Random|0.0000|
Minimax|0.1268|70|
Random|0.0010|
Minimax|0.2712|175|
Random|0.0010|
Minimax|0.2443|167|
Random|0.0000|
Minimax|0.1057|63|
CHECKMATE,BLACKWINS

match6:
Random|0.0010|
Minimax|1.2009|748|
Random|0.0015|
Minimax|0.9600|665|
Random|0.0016|
Minimax|0.2376|133|
Random|0.0010|
Minimax|0.9335|581|
Random|0.0010|
Minimax|0.3112|178|
Random|0.0010|
Minimax|0.2933|171|
Random|0.0005|
Minimax|0.4342|260|
Random|0.0010|
Minimax|0.3113|184|
Random|0.0010|
Minimax|0.4909|339|
Random|0.0000|
Minimax|0.5996|369|
Random|0.0010|
Minimax|0.3320|187|
Random|0.0010|
Minimax|0.4787|275|
Random|0.0020|
Minimax|0.4875|278|
Random|0.0020|
Minimax|0.3179|168|
Random|0.0015|
Minimax|0.3239|173|
Random|0.0010|
Minimax|0.3539|186|
Random|0.0000|
Minimax|0.1898|94|
Random|0.0010|
Minimax|0.3016|180|
Random|0.0000|
Minimax|0.2801|184|
Random|0.0010|
Minimax|0.1708|88|
Random|0.0010|
Minimax|0.2279|140|
Random|0.0010|
Minimax|0.5124|324|
Random|0.0010|
Minimax|0.4413|294|
Random|0.0000|
Minimax|0.3583|223|
Random|0.0012|
Minimax|0.2163|132|
Random|0.0010|
Minimax|0.2943|177|
Random|0.0000|
Minimax|0.1862|113|
Random|0.0000|
Minimax|0.2269|130|
Random|0.0010|
Minimax|0.2881|192|
Random|0.0000|
Minimax|0.4055|258|
Random|0.0000|
Minimax|0.4289|299|
Random|0.0000|
Minimax|0.4253|267|
Random|0.0010|
Minimax|0.3485|226|
Random|0.0000|
Minimax|0.5193|336|
Random|0.0000|
Minimax|0.5637|342|
Random|0.0010|
Minimax|0.3552|218|
Random|0.0010|
Minimax|0.4907|294|
Random|0.0010|
Minimax|0.3211|202|
Random|0.0011|
Minimax|0.1893|109|
Random|0.0000|
Minimax|0.1742|97|
Random|0.0000|
Minimax|0.4756|311|
Random|0.0000|
Minimax|0.2756|167|
Random|0.0000|
Minimax|0.4082|263|
Random|0.0000|
Minimax|0.5811|373|
Random|0.0000|
Minimax|0.3521|211|
Random|0.0000|
Minimax|0.4909|286|
Random|0.0010|
Minimax|0.3492|192|
CHECKMATE,BLACKWINS

match7:
Random|0.0020|
Minimax|1.1347|683|
Random|0.0010|
Minimax|0.7315|474|
Random|0.0010|
Minimax|0.3858|219|
Random|0.0015|
Minimax|0.6275|424|
Random|0.0015|
Minimax|0.7507|445|
Random|0.0005|
Minimax|0.8628|473|
Random|0.0010|
Minimax|0.8034|420|
Random|0.0010|
Minimax|1.0160|568|
Random|0.0010|
Minimax|0.6682|342|
Random|0.0005|
Minimax|0.7268|364|
CHECKMATE,BLACKWINS

match8:
Random|0.0010|
Minimax|1.2942|807|
Random|0.0010|
Minimax|1.0203|667|
Random|0.0010|
Minimax|0.6454|381|
Random|0.0025|
Minimax|1.0933|751|
Random|0.0010|
Minimax|0.7203|432|
Random|0.0015|
Minimax|1.2667|830|
Random|0.0020|
Minimax|0.5479|372|
Random|0.0016|
Minimax|0.8690|535|
Random|0.0020|
Minimax|0.5128|286|
Random|0.0010|
Minimax|0.3537|197|
Random|0.0000|
Minimax|0.2997|179|
Random|0.0010|
Minimax|0.3317|207|
Random|0.0000|
Minimax|0.2823|172|
Random|0.0010|
Minimax|0.2870|156|
Random|0.0000|
Minimax|0.1670|87|
Random|0.0000|
Minimax|0.2239|109|
Random|0.0000|
Minimax|0.2721|130|
Random|0.0000|
Minimax|0.3837|196|
Random|0.0000|
Minimax|0.6552|356|
Random|0.0010|
Minimax|0.2385|122|
Random|0.0010|
Minimax|0.1779|90|
Random|0.0000|
Minimax|0.1522|73|
Random|0.0000|
Minimax|0.1476|71|
Random|0.0000|
Minimax|0.1653|82|
Random|0.0000|
Minimax|0.1878|85|
Random|0.0000|
Minimax|0.2000|80|
Random|0.0000|
Minimax|0.1974|83|
CHECKMATE,BLACKWINS

match9:
Random|0.0010|
Minimax|1.4613|925|
Random|0.0010|
Minimax|0.9694|677|
Random|0.0015|
Minimax|0.4607|353|
Random|0.0005|
Minimax|0.4995|348|
Random|0.0010|
Minimax|0.5563|390|
Random|0.0010|
Minimax|0.3200|224|
Random|0.0000|
Minimax|0.4454|331|
Random|0.0000|
Minimax|0.2593|161|
Random|0.0000|
Minimax|0.1697|102|
Random|0.0010|
Minimax|0.1361|83|
Random|0.0010|
Minimax|0.1819|102|
Random|0.0000|
Minimax|0.4886|314|
Random|0.0000|
Minimax|0.2425|132|
Random|0.0005|
Minimax|0.3216|173|
Random|0.0010|
Minimax|0.2041|109|
Random|0.0000|
Minimax|0.1672|88|
Random|0.0000|
Minimax|0.3238|171|
Random|0.0000|
Minimax|0.2063|98|
Random|0.0000|
Minimax|0.2069|99|
Random|0.0010|
Minimax|0.1641|76|
Random|0.0000|
Minimax|0.1850|90|
Random|0.0000|
Minimax|0.1422|65|
Random|0.0000|
Minimax|0.1853|83|
Random|0.0006|
Minimax|0.1410|66|
Random|0.0000|
Minimax|0.1783|81|
Random|0.0000|
Minimax|0.1504|70|
Random|0.0000|
Minimax|0.1577|75|
Random|0.0000|
Minimax|0.1512|71|
Random|0.0000|
Minimax|0.2042|101|
Random|0.0000|
Minimax|0.1897|87|
Random|0.0000|
Minimax|0.1510|71|
Random|0.0000|
Minimax|0.1544|67|
Random|0.0000|
Minimax|0.1548|73|
CHECKMATE,BLACKWINS

match10:
Random|0.0020|
Minimax|1.3981|918|
Random|0.0010|
Minimax|1.3374|899|
Random|0.0010|
Minimax|0.7123|426|
Random|0.0010|
Minimax|0.7525|501|
Random|0.0010|
Minimax|0.6222|445|
Random|0.0010|
Minimax|0.3418|209|
Random|0.0010|
Minimax|0.3298|231|
Random|0.0010|
Minimax|0.4918|331|
Random|0.0010|
Minimax|0.7467|502|
Random|0.0010|
Minimax|0.5537|349|
Random|0.0005|
Minimax|0.5559|335|
Random|0.0000|
Minimax|0.7685|455|
Random|0.0010|
Minimax|1.1032|681|
Random|0.0010|
Minimax|0.4211|206|
Random|0.0000|
Minimax|0.4840|258|
Random|0.0015|
Minimax|1.0456|580|
Random|0.0015|
Minimax|0.5279|278|
Random|0.0005|
Minimax|0.7333|386|
Random|0.0000|
Minimax|0.2912|130|
Random|0.0010|
Minimax|0.6757|351|
Random|0.0000|
Minimax|0.4619|215|
Random|0.0010|
Minimax|0.3855|168|
Random|0.0010|
Minimax|0.1855|63|
Random|0.0000|
Minimax|0.3905|183|
Random|0.0000|
Minimax|0.4093|190|
Random|0.0010|
Minimax|0.3666|169|
Random|0.0000|
Minimax|0.2011|89|
Random|0.0000|
Minimax|0.2024|93|
Random|0.0000|
Minimax|0.1453|69|
Random|0.0000|
Minimax|0.1037|52|
Random|0.0000|
Minimax|0.0966|50|
Random|0.0000|
Minimax|0.1016|51|
Random|0.0000|
Minimax|0.1039|53|
Random|0.0000|
Minimax|0.1132|55|
Random|0.0000|
Minimax|0.1068|54|
Random|0.0010|
Minimax|0.1084|54|
Random|0.0000|
Minimax|0.1143|57|
Random|0.0000|
Minimax|0.1075|54|
Random|0.0000|
Minimax|0.1053|54|
Random|0.0000|
Minimax|0.1099|55|
Random|0.0015|
Minimax|0.1047|54|
Random|0.0000|
Minimax|0.1050|54|
Random|0.0000|
Minimax|0.1002|53|
Random|0.0000|
Minimax|0.1019|52|
Random|0.0000|
Minimax|0.1007|53|
Random|0.0000|
Minimax|0.0924|49|
Random|0.0000|
Minimax|0.1001|52|
Random|0.0000|
Minimax|0.1051|54|
Random|0.0000|
Minimax|0.1003|52|
Random|0.0000|
Minimax|0.0972|51|
Random|0.0000|
Minimax|0.0932|50|
Random|0.0000|
Minimax|0.0939|51|
Random|0.0000|
Minimax|0.1021|54|
Random|0.0000|
Minimax|0.0951|52|
Random|0.0000|
Minimax|0.1031|54|
Random|0.0000|
Minimax|0.0985|53|
Random|0.0000|
Minimax|0.1018|54|
Random|0.0000|
Minimax|0.0346|57|
Random|0.0000|
Minimax|0.0265|55|
CHECKMATE,BLACKWINS

match11:
Minimax|1.3673|868|
Random|0.0010|
Minimax|1.0175|677|
Random|0.0010|
Minimax|0.6049|437|
Random|0.0006|
Minimax|0.3098|242|
Random|0.0010|
Minimax|0.2624|172|
Random|0.0010|
Minimax|0.1268|97|
Random|0.0015|
Minimax|0.2806|230|
Random|0.0010|
Minimax|0.3662|258|
Random|0.0010|
Minimax|0.2237|143|
Random|0.0010|
Minimax|0.4697|316|
Random|0.0015|
Minimax|0.2102|112|
Random|0.0005|
Minimax|0.6113|347|
Random|0.0010|
Minimax|0.3520|177|
Random|0.0005|
Minimax|0.6448|318|
Random|0.0005|
Minimax|0.4428|236|
Random|0.0000|
Minimax|0.3470|187|
Random|0.0000|
Minimax|0.4475|218|
Random|0.0010|
Minimax|0.3206|163|
Random|0.0000|
Minimax|0.4699|254|
Random|0.0000|
Minimax|0.1512|71|
Random|0.0000|
Minimax|0.3466|170|
Random|0.0010|
Minimax|0.4295|207|
Random|0.0010|
Minimax|0.4519|228|
Random|0.0010|
Minimax|0.1618|84|
Random|0.0000|
Minimax|0.1743|96|
Random|0.0010|
Minimax|0.1394|70|
Random|0.0000|
Minimax|0.1124|56|
Random|0.0000|
Minimax|0.1162|58|
CHECKMATE,REDWINS

match12:
Minimax|1.2823|817|
Random|0.0010|
Minimax|1.2411|786|
Random|0.0010|
Minimax|0.6819|480|
Random|0.0010|
Minimax|0.4272|249|
Random|0.0005|
Minimax|0.7579|525|
Random|0.0010|
Minimax|0.5984|355|
Random|0.0005|
Minimax|0.6922|409|
Random|0.0010|
Minimax|0.4038|223|
Random|0.0010|
Minimax|1.1553|680|
Random|0.0010|
Minimax|1.2563|726|
Random|0.0010|
Minimax|1.3513|792|
Random|0.0015|
Minimax|0.2937|146|
Random|0.0000|
Minimax|0.6241|308|
Random|0.0010|
Minimax|0.4468|240|
Random|0.0000|
Minimax|0.2672|122|
Random|0.0000|
Minimax|0.2553|114|
Random|0.0000|
Minimax|0.2260|89|
Random|0.0000|
Minimax|0.3713|149|
Random|0.0000|
Minimax|0.2551|99|
Random|0.0000|
Minimax|0.2383|93|
Random|0.0000|
Minimax|0.2916|131|
Random|0.0000|
Minimax|0.1821|77|
Random|0.0000|
Minimax|0.1733|74|
Random|0.0000|
Minimax|0.1687|74|
Random|0.0000|
Minimax|0.2816|122|
Random|0.0000|
Minimax|0.2056|85|
Random|0.0000|
Minimax|0.1719|73|
Random|0.0000|
Minimax|0.1598|70|
Random|0.0000|
Minimax|0.1609|71|
Random|0.0000|
Minimax|0.1580|73|
Random|0.0000|
Minimax|0.1422|66|
CHECKMATE,REDWINS

match13:
Minimax|1.3132|820|
Random|0.0010|
Minimax|1.3462|914|
Random|0.0015|
Minimax|0.7784|562|
Random|0.0020|
Minimax|0.3116|196|
Random|0.0000|
Minimax|0.6893|544|
Random|0.0010|
Minimax|0.4884|316|
Random|0.0000|
Minimax|0.4210|263|
Random|0.0010|
Minimax|0.8178|526|
Random|0.0010|
Minimax|0.5338|284|
Random|0.0010|
Minimax|0.5431|272|
Random|0.0015|
Minimax|1.1157|657|
Random|0.0010|
Minimax|0.3442|170|
Random|0.0000|
Minimax|0.7528|460|
Random|0.0011|
Minimax|0.5935|340|
Random|0.0010|
Minimax|0.2422|118|
Random|0.0000|
Minimax|0.4492|228|
Random|0.0010|
Minimax|0.4945|251|
Random|0.0000|
Minimax|0.1979|92|
Random|0.0000|
Minimax|0.3397|170|
Random|0.0000|
Minimax|0.1641|75|
Random|0.0000|
Minimax|0.1472|68|
Random|0.0000|
Minimax|0.1527|70|
Random|0.0000|
Minimax|0.1388|64|
Random|0.0000|
Minimax|0.1518|67|
Random|0.0000|
Minimax|0.1419|66|
CHECKMATE,REDWINS

match14:
Minimax|1.2623|787|
Random|0.0010|
Minimax|0.9507|655|
Random|0.0010|
Minimax|0.5374|414|
Random|0.0020|
Minimax|0.6857|482|
Random|0.0005|
Minimax|0.5020|382|
Random|0.0010|
Minimax|0.1486|78|
Random|0.0010|
Minimax|0.2921|211|
Random|0.0010|
Minimax|0.2492|146|
Random|0.0010|
Minimax|0.4184|244|
Random|0.0010|
Minimax|0.4330|258|
Random|0.0010|
Minimax|0.0802|47|
Random|0.0000|
Minimax|0.1404|70|
Random|0.0010|
Minimax|0.1262|60|
Random|0.0000|
Minimax|0.1258|63|
Random|0.0010|
Minimax|0.1766|90|
Random|0.0000|
Minimax|0.2061|95|
Random|0.0010|
Minimax|0.2207|102|
Random|0.0010|
Minimax|0.1189|57|
Random|0.0000|
Minimax|0.2901|150|
Random|0.0000|
Minimax|0.1503|68|
Random|0.0000|
Minimax|0.1580|66|
Random|0.0000|
Minimax|0.1869|78|
CHECKMATE,REDWINS

match15:
Minimax|1.1794|742|
Random|0.0010|
Minimax|0.6870|491|
Random|0.0010|
Minimax|0.9607|656|
Random|0.0010|
Minimax|0.7449|496|
Random|0.0010|
Minimax|0.2769|187|
Random|0.0010|
Minimax|0.4685|337|
Random|0.0010|
Minimax|0.5381|419|
Random|0.0015|
Minimax|0.5575|427|
Random|0.0010|
Minimax|0.6008|430|
Random|0.0000|
Minimax|0.7207|501|
Random|0.0010|
Minimax|0.4111|241|
Random|0.0010|
Minimax|0.4001|218|
Random|0.0000|
Minimax|0.2162|116|
Random|0.0010|
Minimax|0.9895|551|
Random|0.0000|
Minimax|0.3810|170|
Random|0.0010|
Minimax|0.5118|225|
Random|0.0000|
Minimax|0.3200|139|
Random|0.0000|
Minimax|0.2188|98|
Random|0.0000|
Minimax|0.2307|94|
Random|0.0000|
Minimax|0.2362|91|
Random|0.0000|
Minimax|0.2375|98|
Random|0.0000|
Minimax|0.1982|78|
Random|0.0000|
Minimax|0.2029|81|
Random|0.0000|
Minimax|0.3175|135|
Random|0.0000|
Minimax|0.2099|81|
Random|0.0010|
Minimax|0.1972|81|
Random|0.0000|
Minimax|0.1838|75|
Random|0.0000|
Minimax|0.1700|75|
CHECKMATE,REDWINS

match16:
Minimax|1.4793|918|
Random|0.0000|
Minimax|1.3085|921|
Random|0.0010|
Minimax|0.4617|400|
Random|0.0015|
Minimax|0.3860|265|
Random|0.0000|
Minimax|0.2383|175|
Random|0.0020|
Minimax|0.2908|188|
Random|0.0000|
Minimax|0.4744|294|
Random|0.0010|
Minimax|0.0913|36|
Random|0.0000|
Minimax|0.2634|170|
Random|0.0010|
Minimax|0.1794|109|
Random|0.0000|
Minimax|0.1108|70|
CHECKMATE,REDWINS

match17:
Minimax|1.3772|867|
Random|0.0016|
Minimax|0.2873|169|
Random|0.0010|
Minimax|0.4025|266|
Random|0.0010|
Minimax|0.3837|218|
Random|0.0010|
Minimax|0.6377|358|
Random|0.0010|
Minimax|1.1496|609|
Random|0.0010|
Minimax|1.2462|607|
Random|0.0010|
Minimax|2.1058|1033|
Random|0.0010|
Minimax|2.4700|1237|
Random|0.0010|
Minimax|2.3347|1180|
Random|0.0010|
Minimax|0.5730|258|
Random|0.0011|
Minimax|1.0416|547|
Random|0.0000|
Minimax|0.8952|469|
Random|0.0000|
Minimax|0.9770|502|
Random|0.0010|
Minimax|1.1584|601|
Random|0.0010|
Minimax|0.3794|167|
Random|0.0000|
Minimax|0.2220|97|
CHECKMATE,REDWINS

match18:
Minimax|1.5222|973|
Random|0.0020|
Minimax|1.2614|805|
Random|0.0010|
Minimax|0.7191|507|
Random|0.0015|
Minimax|0.8604|618|
Random|0.0010|
Minimax|0.8127|534|
Random|0.0015|
Minimax|0.4159|261|
Random|0.0015|
Minimax|1.0440|634|
Random|0.0010|
Minimax|1.1418|684|
Random|0.0010|
Minimax|1.2765|785|
Random|0.0010|
Minimax|0.8448|500|
Random|0.0006|
Minimax|1.4355|783|
Random|0.0015|
Minimax|0.5891|306|
Random|0.0011|
Minimax|0.2946|136|
Random|0.0010|
Minimax|0.3120|151|
Random|0.0010|
Minimax|0.4543|242|
Random|0.0010|
Minimax|0.3944|192|
Random|0.0010|
Minimax|0.3189|137|
Random|0.0010|
Minimax|0.2002|82|
Random|0.0000|
Minimax|0.2863|135|
Random|0.0012|
Minimax|0.3252|144|
Random|0.0010|
Minimax|0.2495|125|
CHECKMATE,REDWINS

match19:
Minimax|1.1982|756|
Random|0.0010|
Minimax|1.0386|729|
Random|0.0020|
Minimax|0.6400|505|
Random|0.0010|
Minimax|0.6532|454|
Random|0.0010|
Minimax|0.6881|525|
Random|0.0010|
Minimax|0.9362|595|
Random|0.0010|
Minimax|0.2288|107|
Random|0.0010|
Minimax|0.9924|618|
Random|0.0010|
Minimax|0.5488|362|
Random|0.0010|
Minimax|0.7101|452|
Random|0.0000|
Minimax|0.2821|134|
Random|0.0000|
Minimax|0.8165|458|
Random|0.0000|
Minimax|0.7541|420|
Random|0.0010|
Minimax|0.7560|434|
Random|0.0010|
Minimax|0.3220|164|
Random|0.0010|
Minimax|0.2671|117|
Random|0.0000|
Minimax|1.1411|635|
Random|0.0005|
Minimax|0.7337|387|
Random|0.0010|
Minimax|1.1908|703|
Random|0.0010|
Minimax|1.2614|697|
Random|0.0010|
Minimax|1.2045|654|
Random|0.0000|
Minimax|1.1094|605|
Random|0.0010|
Minimax|0.5721|288|
CHECKMATE,REDWINS

match20:
Minimax|1.3316|837|
Random|0.0010|
Minimax|1.1530|801|
Random|0.0014|
Minimax|0.5369|324|
Random|0.0010|
Minimax|0.8822|627|
Random|0.0010|
Minimax|0.2247|128|
Random|0.0010|
Minimax|0.5226|350|
Random|0.0005|
Minimax|0.1892|143|
Random|0.0010|
Minimax|0.2272|135|
Random|0.0010|
Minimax|1.0248|703|
Random|0.0020|
Minimax|0.6589|400|
Random|0.0020|
Minimax|0.2800|145|
Random|0.0010|
Minimax|0.8687|589|
Random|0.0000|
Minimax|1.1005|718|
Random|0.0010|
Minimax|0.0486|29|
Random|0.0000|
Minimax|0.2518|124|
Random|0.0010|
Minimax|0.3479|178|
Random|0.0010|
Minimax|0.6751|359|
Random|0.0010|
Minimax|0.4955|255|
Random|0.0010|
Minimax|0.8268|479|
Random|0.0010|
Minimax|0.3510|203|
Random|0.0005|
Minimax|0.5881|339|
Random|0.0010|
Minimax|0.1936|95|
Random|0.0000|
Minimax|0.2052|96|
Random|0.0010|
Minimax|0.1647|80|
Random|0.0010|
Minimax|0.1474|69|
Random|0.0010|
Minimax|0.2399|126|
Random|0.0000|
Minimax|0.2645|151|
Random|0.0000|
Minimax|0.1331|70|
Random|0.0000|
Minimax|0.1354|66|
Random|0.0000|
Minimax|0.1321|65|
Random|0.0000|
Minimax|0.1229|58|
Random|0.0000|
Minimax|0.0450|59|
CHECKMATE,REDWINS