match1:
Random|0.0020|
Minimax|24.0774|14351|
Random|0.0010|
Minimax|18.2627|9857|
Random|0.0010|
Minimax|21.8726|11686|
Random|0.0010|
Minimax|23.4950|13853|
Random|0.0021|
Minimax|6.5618|3979|
Random|0.0010|
Minimax|13.7727|8690|
Random|0.0010|
Minimax|6.8670|4306|
Random|0.0020|
Minimax|4.2041|3168|
Random|0.0005|
Minimax|5.1064|4169|
Random|0.0007|
Minimax|9.3786|7241|
Random|0.0010|
Minimax|3.5985|3364|
Random|0.0000|
Minimax|6.5102|5971|
Random|0.0010|
Minimax|3.3872|3265|
Random|0.0000|
Minimax|5.9669|5869|
Random|0.0000|
Minimax|3.1163|3378|
Random|0.0000|
Minimax|3.2019|3609|
Random|0.0000|
Minimax|3.0221|3424|
Random|0.0000|
Minimax|2.8797|4910|
Random|0.0010|
Minimax|2.1427|4209|
Random|0.0000|
Minimax|1.4669|2734|
Random|0.0000|
Minimax|1.2569|2707|
Random|0.0000|
Minimax|1.4459|2955|
Random|0.0000|
Minimax|1.9798|4277|
Random|0.0000|
Minimax|1.7390|3650|
Random|0.0000|
Minimax|1.6181|3507|
Random|0.0000|
Minimax|1.9753|4191|
Random|0.0000|
Minimax|1.7403|3812|
Random|0.0000|
Minimax|0.5803|1256|
CHECKMATE,BLACKWINS

match2:
Random|0.0010|
Minimax|13.1523|8543|
Random|0.0010|
Minimax|14.9920|9755|
Random|0.0015|
Minimax|7.1768|5046|
Random|0.0015|
Minimax|9.3906|6263|
Random|0.0010|
Minimax|8.3193|5677|
Random|0.0010|
Minimax|8.5761|5760|
Random|0.0011|
Minimax|10.0540|6167|
Random|0.0010|
Minimax|4.4673|2769|
Random|0.0010|
Minimax|10.1518|6399|
Random|0.0010|
Minimax|15.6272|9177|
Random|0.0020|
Minimax|19.3496|11488|
Random|0.0010|
Minimax|12.4748|7158|
Random|0.0010|
Minimax|6.8277|3925|
Random|0.0010|
Minimax|5.4751|3365|
Random|0.0010|
Minimax|14.8727|9139|
Random|0.0010|
Minimax|11.6221|8949|
Random|0.0010|
Minimax|10.2699|8440|
Random|0.0000|
Minimax|4.3729|5258|
Random|0.0000|
Minimax|2.3295|3106|
Random|0.0000|
Minimax|3.0307|4157|
Random|0.0010|
Minimax|2.1454|3054|
Random|0.0000|
Minimax|1.4989|2440|
Random|0.0000|
Minimax|2.4480|3869|
Random|0.0000|
Minimax|2.3731|4057|
Random|0.0000|
Minimax|1.9718|3740|
Random|0.0000|
Minimax|1.3827|2567|
Random|0.0000|
Minimax|1.6684|3211|
Random|0.0010|
Minimax|1.6139|2975|
Random|0.0010|
Minimax|2.4582|4491|
CHECKMATE,BLACKWINS

match3:
Random|0.0010|
Minimax|23.6219|13598|
Random|0.0020|
Minimax|13.0156|6999|
Random|0.0008|
Minimax|27.2537|15899|
Random|0.0000|
Minimax|8.7164|5272|
Random|0.0010|
Minimax|22.0897|14711|
Random|0.0005|
Minimax|19.7474|13900|
Random|0.0010|
Minimax|10.4662|7142|
Random|0.0010|
Minimax|11.3436|8238|
Random|0.0000|
Minimax|8.5281|6675|
Random|0.0015|
Minimax|19.9065|15542|
Random|0.0010|
Minimax|10.5147|9407|
Random|0.0010|
Minimax|17.0656|15312|
Random|0.0000|
Minimax|8.6553|7579|
Random|0.0000|
Minimax|4.3828|5123|
Random|0.0000|
Minimax|3.0062|4101|
Random|0.0010|
Minimax|2.0373|2919|
Random|0.0000|
Minimax|3.2730|4590|
Random|0.0000|
Minimax|2.5136|3883|
Random|0.0000|
Minimax|2.4039|3970|
Random|0.0000|
Minimax|1.8772|3286|
Random|0.0000|
Minimax|1.7300|3582|
Random|0.0000|
Minimax|1.9516|3868|
Random|0.0000|
Minimax|1.9512|4132|
Random|0.0000|
Minimax|1.6846|3271|
Random|0.0010|
Minimax|1.3736|2851|
Random|0.0000|
Minimax|1.6358|3193|
Random|0.0000|
Minimax|1.6987|3564|
Random|0.0000|
Minimax|1.4480|2856|
Random|0.0000|
Minimax|1.5169|3183|
Random|0.0000|
Minimax|1.5489|3037|
Random|0.0000|
Minimax|2.0042|3979|
Random|0.0000|
Minimax|1.5250|2996|
Random|0.0010|
Minimax|1.8039|3801|
Random|0.0000|
Minimax|1.6999|3366|
Random|0.0000|
Minimax|1.8322|3894|
Random|0.0000|
Minimax|1.5143|3035|
Random|0.0000|
Minimax|1.8137|3819|
Random|0.0000|
Minimax|1.6032|3233|
Random|0.0000|
Minimax|1.6042|3378|
Random|0.0000|
Minimax|1.7438|3562|
Random|0.0000|
Minimax|1.6080|3409|
Random|0.0000|
Minimax|1.7659|3531|
Random|0.0000|
Minimax|1.9335|4050|
Random|0.0010|
Minimax|1.8954|3835|
Random|0.0000|
Minimax|1.3267|2802|
Random|0.0000|
Minimax|1.2166|2467|
Random|0.0000|
Minimax|1.1783|2494|
Random|0.0000|
Minimax|1.2162|2447|
Random|0.0000|
Minimax|1.3439|2788|
Random|0.0000|
Minimax|1.6630|3376|
Random|0.0000|
Minimax|1.5970|3350|
Random|0.0000|
Minimax|1.5768|3200|
Random|0.0000|
Minimax|1.4362|3031|
Random|0.0000|
Minimax|1.4997|3048|
Random|0.0000|
Minimax|1.4925|3086|
Random|0.0000|
Minimax|1.5388|3068|
CHECKMATE,BLACKWINS

match4:
Random|0.0010|
Minimax|17.6611|11239|
Random|0.0010|
Minimax|19.7719|11618|
Random|0.0000|
Minimax|21.1297|11925|
Random|0.0010|
Minimax|12.3329|7437|
Random|0.0010|
Minimax|12.1668|8156|
Random|0.0000|
Minimax|16.2453|10451|
Random|0.0020|
Minimax|5.8580|3843|
Random|0.0005|
Minimax|5.0753|3435|
Random|0.0000|
Minimax|9.2959|5703|
Random|0.0010|
Minimax|17.0009|11695|
Random|0.0012|
Minimax|17.2314|12300|
Random|0.0010|
Minimax|6.4526|4703|
Random|0.0000|
Minimax|10.5254|9855|
Random|0.0000|
Minimax|7.1781|6719|
Random|0.0010|
Minimax|4.9369|4411|
Random|0.0005|
Minimax|13.4553|10988|
Random|0.0000|
Minimax|7.0010|6450|
Random|0.0000|
Minimax|6.3131|5879|
Random|0.0010|
Minimax|6.7959|7482|
Random|0.0000|
Minimax|3.0626|3492|
Random|0.0000|
Minimax|3.5020|3992|
Random|0.0011|
Minimax|4.2503|4748|
Random|0.0010|
Minimax|4.0719|4471|
Random|0.0000|
Minimax|2.4425|2842|
Random|0.0000|
Minimax|2.1324|3054|
Random|0.0000|
Minimax|1.4512|2450|
Random|0.0000|
Minimax|1.5594|2986|
Random|0.0000|
Minimax|2.0762|4023|
Random|0.0000|
Minimax|1.8473|3447|
Random|0.0000|
Minimax|1.4947|2938|
Random|0.0000|
Minimax|1.8741|3526|
Random|0.0000|
Minimax|1.8454|3402|
Random|0.0000|
Minimax|1.4760|2840|
CHECKMATE,BLACKWINS

match5:
Random|0.0005|
Minimax|10.2006|6093|
Random|0.0010|
Minimax|12.3745|7298|
Random|0.0010|
Minimax|14.0749|8281|
Random|0.0010|
Minimax|17.2895|9807|
Random|0.0010|
Minimax|11.7766|7026|
Random|0.0010|
Minimax|25.1471|14222|
Random|0.0020|
Minimax|15.3092|9628|
Random|0.0010|
Minimax|10.1409|6062|
Random|0.0021|
Minimax|12.7899|7237|
Random|0.0020|
Minimax|13.1333|6892|
Random|0.0010|
Minimax|26.0356|15136|
Random|0.0010|
Minimax|7.4069|4859|
Random|0.0010|
Minimax|10.1027|7085|
Random|0.0010|
Minimax|7.6382|7206|
Random|0.0010|
Minimax|10.8733|10157|
Random|0.0000|
Minimax|6.0341|5674|
Random|0.0000|
Minimax|3.8818|3875|
Random|0.0010|
Minimax|7.1365|7410|
Random|0.0010|
Minimax|4.3234|4624|
Random|0.0000|
Minimax|2.2522|3683|
Random|0.0000|
Minimax|1.9177|2982|
Random|0.0000|
Minimax|2.5281|4093|
Random|0.0000|
Minimax|1.5866|2975|
Random|0.0000|
Minimax|1.1028|1973|
Random|0.0000|
Minimax|1.9479|3395|
Random|0.0000|
Minimax|1.3069|2582|
Random|0.0000|
Minimax|1.3973|2974|
Random|0.0000|
Minimax|1.5655|3189|
Random|0.0000|
Minimax|1.6042|3472|
Random|0.0000|
Minimax|1.5262|3168|
Random|0.0000|
Minimax|1.7077|3710|
Random|0.0000|
Minimax|1.6749|3513|
Random|0.0000|
Minimax|1.6253|3500|
Random|0.0000|
Minimax|1.6013|3363|
Random|0.0000|
Minimax|1.5776|3461|
Random|0.0000|
Minimax|1.4611|3064|
Random|0.0000|
Minimax|1.5661|3412|
Random|0.0000|
Minimax|1.7234|3625|
Random|0.0000|
Minimax|1.7008|3698|
Random|0.0000|
Minimax|0.3799|804|
Random|0.0000|
Minimax|1.9395|4288|
Random|0.0000|
Minimax|2.0169|4239|
Random|0.0000|
Minimax|1.9183|4220|
Random|0.0000|
Minimax|1.6377|3417|
Random|0.0000|
Minimax|1.5366|3349|
Random|0.0000|
Minimax|1.6993|3534|
Random|0.0000|
Minimax|1.9264|4204|
Random|0.0000|
Minimax|2.0211|4208|
Random|0.0000|
Minimax|2.0435|4490|
Random|0.0000|
Minimax|1.6912|3538|
Random|0.0000|
Minimax|1.4430|3153|
Random|0.0000|
Minimax|1.2756|2674|
Random|0.0000|
Minimax|1.2094|2641|
Random|0.0010|
Minimax|1.2355|2589|
Random|0.0000|
Minimax|0.1303|288|
Random|0.0000|
Minimax|1.2423|2589|
Random|0.0000|
Minimax|1.2730|2800|
Random|0.0000|
Minimax|1.3118|2758|
Random|0.0000|
Minimax|1.4963|3275|
Random|0.0000|
Minimax|1.5075|3139|
Random|0.0000|
Minimax|1.4401|3123|
Random|0.0000|
Minimax|1.4510|3033|
Random|0.0000|
Minimax|1.5377|3341|
Random|0.0000|
Minimax|1.4645|3065|
Random|0.0000|
Minimax|0.1386|301|
Random|0.0000|
Minimax|1.4718|3065|
Random|0.0000|
Minimax|0.1408|301|
Random|0.0000|
Minimax|1.4744|3065|
Random|0.0000|
Minimax|1.5365|3341|
Random|0.0000|
Minimax|1.4641|3061|
CHECKMATE,BLACKWINS

match6:
Random|0.0010|
Minimax|23.7656|14253|
Random|0.0016|
Minimax|20.0161|11591|
Random|0.0010|
Minimax|4.3688|2547|
Random|0.0010|
Minimax|11.3670|7070|
Random|0.0015|
Minimax|8.5959|5511|
Random|0.0005|
Minimax|13.6144|8100|
Random|0.0015|
Minimax|22.9947|14882|
Random|0.0010|
Minimax|17.9259|12962|
Random|0.0015|
Minimax|13.8715|11005|
Random|0.0012|
Minimax|7.4119|5700|
Random|0.0015|
Minimax|12.3174|9841|
Random|0.0010|
Minimax|10.4387|10042|
Random|0.0010|
Minimax|12.7497|12507|
Random|0.0010|
Minimax|9.5816|10461|
Random|0.0010|
Minimax|6.9243|7053|
Random|0.0000|
Minimax|6.0604|6192|
Random|0.0000|
Minimax|7.9290|8150|
Random|0.0010|
Minimax|3.0230|3215|
Random|0.0000|
Minimax|3.4694|5352|
Random|0.0000|
Minimax|2.3330|3584|
Random|0.0000|
Minimax|2.3271|3784|
Random|0.0000|
Minimax|2.4887|4139|
Random|0.0000|
Minimax|2.2409|3562|
Random|0.0000|
Minimax|1.7723|3012|
Random|0.0000|
Minimax|1.2331|2447|
Random|0.0000|
Minimax|1.2468|2526|
Random|0.0000|
Minimax|1.3970|2814|
Random|0.0000|
Minimax|1.1938|2384|
Random|0.0000|
Minimax|0.9504|1827|
Random|0.0000|
Minimax|1.0809|2134|
Random|0.0000|
Minimax|1.1124|2182|
Random|0.0000|
Minimax|0.9909|2057|
Random|0.0000|
Minimax|1.0510|2104|
Random|0.0000|
Minimax|1.2239|2565|
Random|0.0000|
Minimax|1.6600|3386|
Random|0.0000|
Minimax|1.7030|3533|
Random|0.0000|
Minimax|1.6575|3258|
Random|0.0000|
Minimax|1.2348|2515|
Random|0.0000|
Minimax|1.2530|2472|
Random|0.0000|
Minimax|1.1368|2393|
Random|0.0000|
Minimax|1.1816|2360|
Random|0.0000|
Minimax|1.1647|2451|
Random|0.0000|
Minimax|1.2119|2448|
Random|0.0000|
Minimax|1.1428|2333|
Random|0.0000|
Minimax|1.2007|2345|
Random|0.0000|
Minimax|0.3181|630|
Random|0.0000|
Minimax|1.3249|2634|
Random|0.0000|
Minimax|1.3637|2844|
Random|0.0000|
Minimax|1.4251|2856|
Random|0.0000|
Minimax|1.2902|2702|
Random|0.0000|
Minimax|1.5647|3185|
Random|0.0000|
Minimax|1.4178|2922|
Random|0.0000|
Minimax|1.6164|3185|
Random|0.0000|
Minimax|0.3483|693|
Random|0.0000|
Minimax|1.6118|3185|
Random|0.0000|
Minimax|1.3715|2878|
Random|0.0010|
Minimax|1.3468|2709|
Random|0.0000|
Minimax|1.3672|2879|
Random|0.0000|
Minimax|1.3674|2758|
Random|0.0000|
Minimax|0.1354|281|
Random|0.0000|
Minimax|0.1154|233|
Random|0.0000|
Minimax|1.1506|2288|
Random|0.0010|
Minimax|0.1161|230|
CHECKMATE,BLACKWINS

match7:
Random|0.0010|
Minimax|20.5624|12412|
Random|0.0010|
Minimax|29.6952|17244|
Random|0.0010|
Minimax|21.6287|11780|
Random|0.0025|
Minimax|25.0979|13745|
Random|0.0011|
Minimax|10.0111|5613|
Random|0.0010|
Minimax|12.8731|6506|
Random|0.0015|
Minimax|16.9331|9282|
Random|0.0010|
Minimax|17.2532|11586|
Random|0.0010|
Minimax|8.5348|6435|
Random|0.0010|
Minimax|6.5563|4799|
Random|0.0010|
Minimax|8.4634|6797|
Random|0.0010|
Minimax|7.2118|6205|
Random|0.0010|
Minimax|5.3275|6179|
Random|0.0010|
Minimax|7.4019|8286|
Random|0.0000|
Minimax|2.3856|2774|
Random|0.0000|
Minimax|2.5262|3346|
Random|0.0015|
Minimax|2.6640|3545|
Random|0.0000|
Minimax|3.3869|4733|
Random|0.0000|
Minimax|2.9891|4248|
Random|0.0000|
Minimax|4.1572|5699|
Random|0.0000|
Minimax|3.1217|4578|
Random|0.0005|
Minimax|4.4524|6043|
Random|0.0000|
Minimax|5.2362|6969|
Random|0.0000|
Minimax|3.9915|5277|
Random|0.0000|
Minimax|2.6501|3830|
Random|0.0010|
Minimax|5.4199|7501|
Random|0.0000|
Minimax|1.8738|3576|
Random|0.0000|
Minimax|2.0238|3745|
Random|0.0010|
Minimax|1.4704|3041|
Random|0.0000|
Minimax|1.4675|2955|
Random|0.0000|
Minimax|1.3107|2655|
Random|0.0000|
Minimax|1.3834|2798|
Random|0.0000|
Minimax|1.4882|3200|
Random|0.0000|
Minimax|1.3246|2770|
Random|0.0000|
Minimax|1.2500|2778|
Random|0.0000|
Minimax|1.3072|2792|
Random|0.0000|
Minimax|1.1693|2565|
Random|0.0000|
Minimax|1.1901|2504|
Random|0.0000|
Minimax|1.2964|2840|
Random|0.0000|
Minimax|1.0787|2295|
Random|0.0000|
Minimax|1.4231|3119|
Random|0.0000|
Minimax|1.2944|2762|
Random|0.0000|
Minimax|1.2727|2846|
Random|0.0000|
Minimax|1.2082|2586|
Random|0.0000|
Minimax|1.3521|3030|
Random|0.0000|
Minimax|1.2447|2669|
Random|0.0000|
Minimax|1.3184|2924|
Random|0.0000|
Minimax|1.5009|3181|
Random|0.0000|
Minimax|1.5148|3354|
Random|0.0000|
Minimax|1.5227|3278|
Random|0.0000|
Minimax|1.3422|2955|
Random|0.0000|
Minimax|1.5684|3333|
Random|0.0000|
Minimax|1.1394|2543|
Random|0.0000|
Minimax|1.0470|2217|
Random|0.0000|
Minimax|1.0908|2385|
Random|0.0000|
Minimax|0.9407|1924|
Random|0.0000|
Minimax|1.0001|2189|
Random|0.0000|
Minimax|0.8923|1862|
Random|0.0000|
Minimax|1.0127|2178|
Random|0.0000|
Minimax|1.1241|2357|
Random|0.0000|
Minimax|1.0724|2315|
Random|0.0000|
Minimax|1.1715|2476|
Random|0.0000|
Minimax|1.3439|2876|
Random|0.0000|
Minimax|1.3304|2780|
Random|0.0000|
Minimax|0.1473|310|
Random|0.0000|
Minimax|1.4146|2985|
Random|0.0010|
Minimax|1.6300|3524|
Random|0.0010|
Minimax|1.3389|2824|
Random|0.0000|
Minimax|0.1382|298|
Random|0.0000|
Minimax|1.3504|2824|
Random|0.0000|
Minimax|0.1385|298|
Random|0.0000|
Minimax|1.3333|2824|
Random|0.0000|
Minimax|0.1451|312|
Random|0.0000|
Minimax|0.1056|221|
CHECKMATE,BLACKWINS

match8:
Random|0.0010|
Minimax|23.6266|13867|
Random|0.0010|
Minimax|10.9225|6430|
Random|0.0011|
Minimax|7.5502|5787|
Random|0.0010|
Minimax|16.5190|12347|
Random|0.0015|
Minimax|5.0418|3923|
Random|0.0010|
Minimax|5.7094|4436|
Random|0.0010|
Minimax|7.1009|5188|
Random|0.0010|
Minimax|11.5263|8051|
Random|0.0010|
Minimax|8.5238|6572|
Random|0.0010|
Minimax|7.0629|5148|
Random|0.0000|
Minimax|5.1824|3982|
Random|0.0000|
Minimax|15.2209|12775|
Random|0.0000|
Minimax|13.2266|11707|
Random|0.0010|
Minimax|15.7952|13634|
Random|0.0000|
Minimax|7.1294|6388|
Random|0.0010|
Minimax|5.5776|5741|
Random|0.0010|
Minimax|6.9057|7159|
Random|0.0010|
Minimax|3.3278|3748|
Random|0.0015|
Minimax|5.6073|6441|
Random|0.0000|
Minimax|4.8788|5574|
Random|0.0000|
Minimax|4.7248|5459|
Random|0.0000|
Minimax|5.5654|6312|
Random|0.0010|
Minimax|5.7397|6564|
Random|0.0000|
Minimax|3.2266|3584|
Random|0.0010|
Minimax|5.4057|6224|
Random|0.0015|
Minimax|5.2213|5748|
Random|0.0000|
Minimax|4.4334|5094|
Random|0.0010|
Minimax|3.4039|3763|
Random|0.0000|
Minimax|5.8513|6651|
Random|0.0010|
Minimax|3.2310|3607|
Random|0.0000|
Minimax|4.9973|5773|
Random|0.0000|
Minimax|3.7057|4204|
Random|0.0010|
Minimax|4.6215|5265|
Random|0.0000|
Minimax|6.3996|7047|
Random|0.0010|
Minimax|5.3807|6188|
Random|0.0006|
Minimax|4.4111|4915|
Random|0.0000|
Minimax|5.2250|6017|
Random|0.0005|
Minimax|5.7089|6413|
Random|0.0000|
Minimax|4.2749|4912|
Random|0.0000|
Minimax|4.9949|5645|
Random|0.0010|
Minimax|4.9539|5644|
Random|0.0010|
Minimax|5.8498|6499|
Random|0.0000|
Minimax|5.6513|6402|
Random|0.0000|
Minimax|7.0486|7552|
Random|0.0000|
Minimax|6.1203|6926|
Random|0.0000|
Minimax|5.9591|6513|
Random|0.0000|
Minimax|4.9005|5508|
Random|0.0000|
Minimax|5.4246|6005|
Random|0.0000|
Minimax|5.5756|6349|
Random|0.0005|
Minimax|6.7963|7395|
Random|0.0000|
Minimax|5.6327|6312|
Random|0.0000|
Minimax|6.6998|7320|
Random|0.0000|
Minimax|4.5729|5105|
Random|0.0000|
Minimax|3.5623|3964|
Random|0.0010|
Minimax|4.8077|5485|
Random|0.0010|
Minimax|5.3960|5997|
Random|0.0000|
Minimax|6.3619|7104|
Random|0.0000|
Minimax|4.2509|4704|
Random|0.0000|
Minimax|4.5386|5165|
Random|0.0010|
Minimax|3.8037|4240|
Random|0.0000|
Minimax|4.6548|5325|
Random|0.0000|
Minimax|3.8414|4358|
Random|0.0000|
Minimax|5.2959|6172|
Random|0.0010|
Minimax|3.4042|3865|
Random|0.0000|
Minimax|4.8867|5623|
Random|0.0000|
Minimax|6.2072|6910|
Random|0.0000|
Minimax|5.6872|6404|
Random|0.0000|
Minimax|3.4697|3887|
Random|0.0000|
Minimax|4.4202|5059|
Random|0.0000|
Minimax|5.2109|5864|
Random|0.0000|
Minimax|4.7292|5489|
Random|0.0000|
Minimax|3.5724|4095|
Random|0.0000|
Minimax|4.6414|5382|
Random|0.0010|
Minimax|4.6534|5239|
Random|0.0000|
Minimax|5.4254|6295|
Random|0.0010|
Minimax|3.4599|3962|
Random|0.0000|
Minimax|5.0749|5819|
Random|0.0005|
Minimax|3.6509|4100|
Random|0.0000|
Minimax|5.1830|6074|
Random|0.0000|
Minimax|3.7249|4241|
Random|0.0000|
Minimax|4.1294|4801|
Random|0.0000|
Minimax|3.3094|3790|
Random|0.0000|
Minimax|5.0658|5853|
Random|0.0000|
Minimax|3.9272|4495|
Random|0.0009|
Minimax|4.7607|5532|
Random|0.0000|
Minimax|4.2321|4807|
Random|0.0000|
Minimax|5.4993|6370|
Random|0.0000|
Minimax|3.0746|3528|
Random|0.0000|
Minimax|4.8347|5610|
Random|0.0000|
Minimax|3.7909|4340|
Random|0.0000|
Minimax|4.3376|5172|
Random|0.0010|
Minimax|4.0610|4686|
Random|0.0000|
Minimax|5.7768|6658|
Random|0.0000|
Minimax|6.2461|7045|
Random|0.0000|
Minimax|5.3097|6166|
Random|0.0000|
Minimax|3.5465|3989|
Random|0.0010|
Minimax|4.2403|4973|
Random|0.0000|
Minimax|4.0168|4561|
Random|0.0010|
Minimax|5.2809|6151|
Random|0.0000|
Minimax|5.3687|6013|
Random|0.0000|
Minimax|5.8030|6718|
Random|0.0000|
Minimax|7.2620|8199|
Random|0.0010|
Minimax|5.6497|6644|
Random|0.0000|
Minimax|3.5947|4038|
Random|0.0000|
Minimax|4.8198|5544|
Random|0.0015|
Minimax|2.8826|3254|
Random|0.0000|
Minimax|5.4965|6377|
Random|0.0000|
Minimax|5.7313|6540|
Random|0.0000|
Minimax|6.2097|7196|
Random|0.0000|
Minimax|5.0060|5693|
Random|0.0000|
Minimax|4.9135|5746|
Random|0.0000|
Minimax|5.6018|6379|
Random|0.0010|
Minimax|6.0194|6975|
Random|0.0005|
Minimax|3.1785|3646|
Random|0.0000|
Minimax|5.0027|5896|
Random|0.0000|
Minimax|4.7404|5407|
Random|0.0000|
Minimax|6.0576|6923|
Random|0.0000|
Minimax|4.3294|4754|
Random|0.0010|
Minimax|4.8230|5537|
Random|0.0010|
Minimax|5.0202|5617|
Random|0.0000|
Minimax|4.7000|5390|
Random|0.0010|
Minimax|5.4641|6081|
Random|0.0000|
Minimax|4.7943|5462|
Random|0.0000|
Minimax|2.7628|3067|
Random|0.0010|
Minimax|4.7470|5419|
Random|0.0000|
Minimax|4.2930|4761|
Random|0.0000|
Minimax|6.4941|7354|
Random|0.0000|
Minimax|4.2663|4737|
Random|0.0000|
Minimax|5.8960|6719|
Random|0.0000|
Minimax|3.5281|4033|
Random|0.0010|
Minimax|5.3423|6165|
Random|0.0000|
Minimax|5.9921|6745|
Random|0.0000|
Minimax|5.4604|6219|
Random|0.0010|
Minimax|3.3020|3785|
Random|0.0000|
Minimax|5.7176|6557|
Random|0.0000|
Minimax|2.7549|3096|
Random|0.0000|
Minimax|5.0660|5819|
Random|0.0000|
Minimax|3.8816|4365|
Random|0.0000|
Minimax|5.1219|6060|
Random|0.0010|
Minimax|6.1524|6966|
Random|0.0000|
Minimax|4.9871|5648|
Random|0.0000|
Minimax|2.6805|3011|
Random|0.0010|
Minimax|6.0046|6827|
Random|0.0000|
Minimax|3.5821|4084|
Random|0.0010|
Minimax|5.0180|5866|
Random|0.0000|
Minimax|3.6610|4209|
Random|0.0000|
Minimax|5.0259|5732|
Random|0.0010|
Minimax|5.0445|5679|
Random|0.0010|
Minimax|5.5710|6375|
Random|0.0005|
Minimax|4.5304|5212|
Random|0.0000|
Minimax|5.7408|6706|
Random|0.0010|
Minimax|2.9418|3322|
Random|0.0010|
Minimax|4.6067|5382|
Random|0.0000|
Minimax|4.7091|5334|
Random|0.0010|
Minimax|4.1862|4833|
Random|0.0010|
Minimax|3.2300|3676|
Random|0.0000|
Minimax|5.6543|6513|
Random|0.0010|
Minimax|6.7858|7585|
Random|0.0010|
Minimax|5.2343|5994|
Random|0.0000|
Minimax|2.9647|3367|
Random|0.0015|
Minimax|4.5367|5248|
Random|0.0010|
Minimax|5.8393|6571|
Random|0.0000|
Minimax|5.2859|6047|
Random|0.0010|
Minimax|4.4153|5039|
Random|0.0000|
Minimax|5.9752|6845|
Random|0.0005|
Minimax|5.1291|5865|
Random|0.0000|
Minimax|5.2192|6057|
Random|0.0000|
Minimax|4.2586|4854|
Random|0.0000|
Minimax|5.8253|6793|
Random|0.0000|
Minimax|3.7760|4304|
Random|0.0000|
Minimax|5.4871|6465|
Random|0.0000|
Minimax|5.7383|6547|
Random|0.0000|
Minimax|5.8685|6760|
Random|0.0000|
Minimax|4.2263|4914|
Random|0.0000|
Minimax|3.9930|4670|
Random|0.0000|
Minimax|3.6192|4188|
Random|0.0000|
Minimax|5.8048|6692|
Random|0.0000|
Minimax|2.8725|3239|
Random|0.0000|
Minimax|6.6149|7598|
Random|0.0005|
Minimax|3.0895|3580|
Random|0.0000|
Minimax|5.0215|5679|
Random|0.0010|
Minimax|4.8056|5301|
Random|0.0000|
Minimax|5.0576|5787|
Random|0.0000|
Minimax|3.4024|3802|
Random|0.0000|
Minimax|5.4741|6244|
Random|0.0010|
Minimax|5.4568|5961|
Random|0.0000|
Minimax|6.7698|7579|
Random|0.0000|
Minimax|3.0891|3395|
Random|0.0000|
Minimax|4.9138|5171|
Random|0.0000|
Minimax|4.8728|4990|
Random|0.0005|
Minimax|5.5580|5903|
Random|0.0000|
Minimax|5.0478|5427|
Random|0.0000|
Minimax|5.2100|5594|
Random|0.0010|
Minimax|3.3500|3468|
Random|0.0010|
Minimax|6.3782|6772|
Random|0.0000|
Minimax|4.7928|5019|
Random|0.0000|
Minimax|5.8788|6245|
Random|0.0000|
Minimax|4.6862|4885|
Random|0.0010|
Minimax|5.5453|6032|
Random|0.0000|
Minimax|3.7554|4015|
Random|0.0000|
Minimax|5.9547|6551|
Random|0.0000|
Minimax|3.9623|4136|
Random|0.0000|
Minimax|5.3188|5892|
Random|0.0000|
Minimax|5.6889|6130|
Random|0.0010|
Minimax|5.2461|5572|
Random|0.0000|
Minimax|4.1664|4303|
Random|0.0000|
Minimax|4.9923|5413|
Random|0.0000|
Minimax|3.2484|3458|
Random|0.0000|
Minimax|5.7086|6077|
Random|0.0000|
Minimax|3.6957|3938|
Random|0.0000|
Minimax|5.0020|5424|
Random|0.0010|
Minimax|5.8246|6134|
Random|0.0000|
Minimax|4.8369|5197|
Random|0.0010|
Minimax|4.1066|4327|
Random|0.0000|
Minimax|5.0407|5424|
Random|0.0000|
Minimax|3.9532|4223|
Random|0.0010|
Minimax|4.7514|5174|
Random|0.0000|
Minimax|4.9469|5214|
Random|0.0010|
Minimax|4.5740|5007|
Random|0.0000|
Minimax|5.4514|5618|
Random|0.0000|
Minimax|5.2846|5588|
Random|0.0000|
Minimax|3.6375|3817|
Random|0.0000|
Minimax|5.4165|5991|
Random|0.0000|
Minimax|5.4677|5568|
Random|0.0004|
Minimax|4.9092|5223|
Random|0.0000|
Minimax|4.4369|4709|
Random|0.0000|
Minimax|6.1055|6514|
Random|0.0000|
Minimax|6.2525|6302|
Random|0.0000|
Minimax|5.2202|5716|
Random|0.0000|
Minimax|4.6710|4962|
Random|0.0000|
Minimax|5.1143|5664|
Random|0.0010|
Minimax|4.0158|4327|
Random|0.0000|
Minimax|5.6272|6079|
Random|0.0000|
Minimax|4.6386|4986|
Random|0.0000|
Minimax|5.0581|5534|
Random|0.0010|
Minimax|5.1733|5583|
Random|0.0000|
Minimax|5.4447|5977|
Random|0.0010|
Minimax|5.8131|6249|
Random|0.0000|
Minimax|5.7760|6264|
Random|0.0000|
Minimax|5.3430|5689|
Random|0.0010|
Minimax|6.1095|6733|
Random|0.0000|
Minimax|3.9430|4355|
Random|0.0000|
Minimax|4.6148|5184|
Random|0.0000|
Minimax|7.0991|7837|
Random|0.0000|
Minimax|5.0930|5796|
Random|0.0000|
Minimax|4.8642|5405|
Random|0.0005|
Minimax|6.0376|6779|
Random|0.0000|
Minimax|4.4990|4969|
Random|0.0010|
Minimax|4.9070|5570|
Random|0.0000|
Minimax|3.4655|3827|
Random|0.0000|
Minimax|5.2920|5988|
Random|0.0000|
Minimax|6.0562|6652|
Random|0.0000|
Minimax|4.2688|4836|
Random|0.0000|
Minimax|3.9216|4311|
Random|0.0000|
Minimax|5.2889|6007|
Random|0.0000|
Minimax|4.9937|5548|
Random|0.0010|
Minimax|5.6850|6345|
Random|0.0005|
Minimax|3.8066|4188|
Random|0.0010|
Minimax|4.8306|5396|
Random|0.0010|
Minimax|4.9791|5538|
Random|0.0010|
Minimax|4.1560|4638|
Random|0.0000|
Minimax|3.4373|3876|
Random|0.0000|
Minimax|4.3757|4963|
Random|0.0000|
Minimax|4.5700|5097|
Random|0.0000|
Minimax|5.5348|6219|
Random|0.0000|
Minimax|3.6127|3963|
Random|0.0000|
Minimax|4.6248|5198|
Random|0.0010|
Minimax|4.7552|5188|
Random|0.0000|
Minimax|5.3846|6045|
Random|0.0000|
Minimax|4.1506|4476|
Random|0.0000|
Minimax|5.3203|6005|
Random|0.0000|
Minimax|4.1132|4496|
Random|0.0000|
Minimax|5.0942|5762|
Random|0.0000|
Minimax|5.5567|6096|
Random|0.0000|
Minimax|5.3380|5986|
Random|0.0000|
Minimax|5.8374|6406|
Random|0.0010|
Minimax|5.6039|6352|
Random|0.0000|
Minimax|4.9740|5525|
Random|0.0000|
Minimax|5.5328|6218|
Random|0.0005|
Minimax|5.1405|5682|
Random|0.0000|
Minimax|5.4092|6125|
Random|0.0000|
Minimax|3.4460|3800|
Random|0.0000|
Minimax|5.0978|5813|
Random|0.0000|
Minimax|4.1870|4633|
Random|0.0000|
Minimax|4.9467|5543|
Random|0.0000|
Minimax|6.8145|7539|
Random|0.0000|
Minimax|6.5427|7334|
Random|0.0000|
Minimax|3.8378|4115|
Random|0.0000|
Minimax|6.0681|6708|
Random|0.0010|
Minimax|6.0352|6348|
Random|0.0000|
Minimax|5.6304|6176|
Random|0.0000|
Minimax|4.5014|4850|
Random|0.0010|
Minimax|4.8591|5429|
Random|0.0000|
Minimax|3.8574|4229|
Random|0.0000|
Minimax|5.8100|6451|
Random|0.0010|
Minimax|5.2093|5702|
Random|0.0000|
Minimax|5.5432|6282|
Random|0.0010|
Minimax|5.1526|5605|
Random|0.0010|
Minimax|4.9150|5584|
Random|0.0010|
Minimax|3.2105|3570|
Random|0.0010|
Minimax|4.9234|5501|
Random|0.0000|
Minimax|4.0255|4460|
Random|0.0010|
Minimax|4.4639|5025|
Random|0.0000|
Minimax|3.5240|3788|
Random|0.0000|
Minimax|5.0801|5610|
Random|0.0000|
Minimax|4.6509|5068|
Random|0.0010|
Minimax|4.7478|5241|
Random|0.0000|
Minimax|4.9449|5303|
Random|0.0000|
Minimax|5.8761|6484|
Random|0.0000|
Minimax|2.9803|3268|
Random|0.0000|
Minimax|5.5824|6205|
Random|0.0000|
Minimax|5.1142|5536|
Random|0.0000|
Minimax|5.9973|6585|
Random|0.0000|
Minimax|3.6333|3920|
Random|0.0000|
Minimax|5.3778|5856|
Random|0.0000|
Minimax|7.5993|8042|
Random|0.0000|
Minimax|4.9490|5468|
Random|0.0015|
Minimax|5.3846|5544|
Random|0.0000|
Minimax|5.9960|6476|
Random|0.0010|
Minimax|4.5215|4743|
Random|0.0000|
Minimax|5.5671|6119|
Random|0.0000|
Minimax|4.7095|4863|
Random|0.0000|
Minimax|4.9817|5344|
Random|0.0000|
Minimax|4.6642|4926|
Random|0.0000|
Minimax|6.2605|6670|
Random|0.0010|
Minimax|4.8842|5083|
Random|0.0005|
Minimax|6.2048|6748|
Random|0.0000|
Minimax|4.2912|4469|
Random|0.0000|
Minimax|5.4963|6019|
Random|0.0000|
Minimax|6.4773|7000|
Random|0.0000|
Minimax|6.4042|7181|
Random|0.0000|
Minimax|4.4908|4924|
Random|0.0000|
Minimax|5.1325|5838|
Random|0.0000|
Minimax|4.5018|4976|
Random|0.0000|
Minimax|6.3044|7125|
Random|0.0010|
Minimax|3.4546|3812|
Random|0.0000|
Minimax|5.2150|5943|
Random|0.0000|
Minimax|5.6509|6256|
Random|0.0000|
Minimax|5.4918|6094|
Random|0.0010|
Minimax|4.7556|5237|
Random|0.0010|
Minimax|4.8137|5500|
Random|0.0000|
Minimax|5.8520|6417|
Random|0.0000|
Minimax|5.3431|5988|
Random|0.0000|
Minimax|3.9907|4373|
Random|0.0000|
Minimax|5.7760|6384|
Random|0.0000|
Minimax|3.8555|4237|
Random|0.0000|
Minimax|5.8783|6585|
Random|0.0010|
Minimax|4.9188|5456|
Random|0.0000|
Minimax|5.3815|6081|
Random|0.0010|
Minimax|3.5584|3823|
Random|0.0010|
Minimax|4.5300|5033|
Random|0.0000|
Minimax|3.6383|3939|
Random|0.0000|
Minimax|5.6251|6309|
Random|0.0000|
Minimax|3.6895|4101|
Random|0.0000|
Minimax|4.8291|5479|
Random|0.0000|
Minimax|4.1351|4591|
Random|0.0000|
Minimax|4.7887|5538|
Random|0.0010|
Minimax|3.4767|3866|
Random|0.0010|
Minimax|4.9395|5782|
Random|0.0000|
Minimax|4.9792|5647|
Random|0.0010|
Minimax|4.9174|5711|
Random|0.0000|
Minimax|3.4245|3863|
Random|0.0010|
Minimax|4.8815|5713|
Random|0.0010|
Minimax|3.7452|4314|
Random|0.0000|
Minimax|4.7919|5640|
Random|0.0000|
Minimax|3.5902|4038|
Random|0.0000|
Minimax|5.7897|6761|
Random|0.0010|
Minimax|3.3816|3830|
Random|0.0000|
Minimax|4.7202|5510|
Random|0.0000|
Minimax|3.3742|3869|
Random|0.0000|
Minimax|4.5269|5287|
Random|0.0000|
Minimax|5.0376|5794|
Random|0.0000|
Minimax|5.5400|6486|
Random|0.0000|
Minimax|6.0529|6800|
Random|0.0000|
Minimax|5.0418|5759|
Random|0.0010|
Minimax|5.7901|6547|
Random|0.0000|
Minimax|4.5870|5302|
Random|0.0000|
Minimax|5.6959|6600|
Random|0.0000|
Minimax|5.1546|6092|
Random|0.0000|
Minimax|5.3164|6036|
Deadlock,aborted

match9:
Random|0.0010|
Minimax|12.8363|8134|
Random|0.0010|
Minimax|12.1855|8017|
Random|0.0020|
Minimax|17.7191|11074|
Random|0.0010|
Minimax|16.2795|10121|
Random|0.0011|
Minimax|27.0335|17264|
Random|0.0005|
Minimax|6.7353|5027|
Random|0.0010|
Minimax|9.0698|7243|
Random|0.0000|
Minimax|20.9107|15465|
Random|0.0000|
Minimax|19.7437|15576|
Random|0.0010|
Minimax|18.3144|15302|
Random|0.0010|
Minimax|8.0672|6252|
Random|0.0010|
Minimax|11.5818|10173|
Random|0.0015|
Minimax|6.2169|6143|
Random|0.0000|
Minimax|4.0761|5369|
Random|0.0010|
Minimax|8.1831|9412|
Random|0.0000|
Minimax|8.5359|10251|
Random|0.0000|
Minimax|5.7552|6699|
Random|0.0010|
Minimax|4.2274|5669|
Random|0.0000|
Minimax|6.3012|7782|
Random|0.0000|
Minimax|4.8352|6632|
Random|0.0000|
Minimax|4.2943|6015|
Random|0.0000|
Minimax|2.0245|3161|
Random|0.0000|
Minimax|1.6623|2698|
Random|0.0010|
Minimax|1.6018|2660|
Random|0.0010|
Minimax|2.6911|4315|
Random|0.0010|
Minimax|2.1930|3498|
Random|0.0000|
Minimax|2.2691|3760|
Random|0.0000|
Minimax|2.6747|4334|
Random|0.0000|
Minimax|2.2737|3853|
Random|0.0000|
Minimax|1.6836|3284|
Random|0.0000|
Minimax|1.2159|2548|
Random|0.0000|
Minimax|1.4642|3216|
Random|0.0000|
Minimax|0.4262|907|
Random|0.0000|
Minimax|1.2001|2657|
Random|0.0000|
Minimax|0.9136|1910|
Random|0.0000|
Minimax|1.2109|2661|
Random|0.0000|
Minimax|1.0366|2182|
Random|0.0000|
Minimax|1.3748|3014|
Random|0.0000|
Minimax|1.0655|2225|
Random|0.0000|
Minimax|1.2407|2693|
Random|0.0000|
Minimax|0.9913|2093|
Random|0.0000|
Minimax|1.2823|2850|
Random|0.0000|
Minimax|1.2533|2644|
Random|0.0000|
Minimax|1.5310|3359|
Random|0.0000|
Minimax|1.2577|2625|
Random|0.0000|
Minimax|1.3368|2952|
Random|0.0000|
Minimax|1.1029|2339|
Random|0.0000|
Minimax|1.3838|3064|
Random|0.0000|
Minimax|1.1509|2431|
Random|0.0000|
Minimax|1.4682|3250|
Random|0.0000|
Minimax|1.1862|2501|
Random|0.0000|
Minimax|1.2521|2782|
Random|0.0000|
Minimax|1.0086|2141|
CHECKMATE,BLACKWINS

match10:
Random|0.0020|
Minimax|18.8825|12266|
Random|0.0010|
Minimax|8.1188|6359|
Random|0.0010|
Minimax|19.0947|14340|
Random|0.0010|
Minimax|9.9529|7077|
Random|0.0015|
Minimax|10.2030|7573|
Random|0.0010|
Minimax|4.4674|3000|
Random|0.0010|
Minimax|11.8468|8547|
Random|0.0010|
Minimax|6.4642|4424|
Random|0.0015|
Minimax|8.1615|5914|
Random|0.0010|
Minimax|8.6465|6475|
Random|0.0010|
Minimax|5.1761|4089|
Random|0.0010|
Minimax|3.0827|2518|
Random|0.0010|
Minimax|3.5974|3148|
Random|0.0010|
Minimax|6.3093|5850|
Random|0.0010|
Minimax|3.6058|3500|
Random|0.0000|
Minimax|2.2378|3165|
Random|0.0000|
Minimax|1.8381|2611|
Random|0.0010|
Minimax|2.1663|3009|
Random|0.0000|
Minimax|1.7043|2565|
Random|0.0010|
Minimax|1.9170|3035|
Random|0.0000|
Minimax|1.7363|3015|
Random|0.0000|
Minimax|1.1891|1990|
Random|0.0000|
Minimax|1.6000|2783|
Random|0.0000|
Minimax|2.3271|3855|
Random|0.0000|
Minimax|1.2044|2329|
Random|0.0000|
Minimax|1.1802|2381|
Random|0.0000|
Minimax|1.0634|2120|
Random|0.0000|
Minimax|1.0746|2180|
Random|0.0000|
Minimax|1.0373|2024|
Random|0.0000|
Minimax|1.0458|2053|
Random|0.0000|
Minimax|1.0438|1988|
Random|0.0000|
Minimax|1.3323|2572|
Random|0.0000|
Minimax|1.6498|3170|
Random|0.0000|
Minimax|1.7007|3380|
Random|0.0000|
Minimax|1.7148|3388|
Random|0.0000|
Minimax|1.2210|2506|
Random|0.0000|
Minimax|0.1449|287|
Random|0.0000|
Minimax|1.2347|2540|
Random|0.0000|
Minimax|1.2154|2352|
Random|0.0000|
Minimax|1.2520|2520|
Random|0.0000|
Minimax|1.2775|2490|
Random|0.0000|
Minimax|1.2400|2520|
Random|0.0000|
Minimax|1.1932|2389|
Random|0.0000|
Minimax|1.1551|2422|
Random|0.0000|
Minimax|1.2599|2478|
Random|0.0000|
Minimax|1.1973|2498|
Random|0.0000|
Minimax|1.2038|2374|
Random|0.0000|
Minimax|0.1367|269|
CHECKMATE,BLACKWINS

match11:
Minimax|22.7733|14689|
Random|0.0015|
Minimax|26.7822|16552|
Random|0.0005|
Minimax|15.8005|9815|
Random|0.0010|
Minimax|8.7421|5514|
Random|0.0011|
Minimax|18.0951|10854|
Random|0.0010|
Minimax|9.6725|5720|
Random|0.0010|
Minimax|10.1513|6253|
Random|0.0010|
Minimax|18.3575|12327|
Random|0.0010|
Minimax|18.9939|13216|
Random|0.0012|
Minimax|7.6999|5911|
Random|0.0010|
Minimax|12.4833|10921|
Random|0.0010|
Minimax|16.0299|15666|
Random|0.0000|
Minimax|9.2311|9201|
Random|0.0000|
Minimax|3.2366|4183|
Random|0.0000|
Minimax|8.0030|10127|
Random|0.0000|
Minimax|2.9450|3954|
Random|0.0000|
Minimax|3.4809|4663|
Random|0.0000|
Minimax|5.0601|6883|
Random|0.0000|
Minimax|2.9645|4533|
Random|0.0000|
Minimax|2.4325|4254|
Random|0.0000|
Minimax|1.8427|3109|
Random|0.0000|
Minimax|3.0920|5086|
Random|0.0000|
Minimax|1.8671|3313|
Random|0.0000|
Minimax|2.1203|3643|
Random|0.0000|
Minimax|2.1143|3676|
Random|0.0000|
Minimax|2.5194|4746|
Random|0.0000|
Minimax|1.7908|3327|
Random|0.0000|
Minimax|1.8553|3724|
Random|0.0000|
Minimax|1.3401|2926|
Random|0.0000|
Minimax|1.3902|3194|
Random|0.0000|
Minimax|1.4005|3031|
Random|0.0000|
Minimax|1.5625|3558|
Random|0.0000|
Minimax|1.4152|3126|
Random|0.0000|
Minimax|1.5369|3485|
Random|0.0000|
Minimax|0.3630|827|
CHECKMATE,REDWINS

match12:
Minimax|21.8412|14052|
Random|0.0010|
Minimax|23.2876|12903|
Random|0.0017|
Minimax|10.9811|5937|
Random|0.0010|
Minimax|12.8010|7955|
Random|0.0010|
Minimax|5.3582|3437|
Random|0.0010|
Minimax|3.0040|2217|
Random|0.0010|
Minimax|3.5642|3075|
Random|0.0010|
Minimax|7.8184|6977|
Random|0.0000|
Minimax|6.1633|5836|
Random|0.0010|
Minimax|3.8446|3875|
Random|0.0000|
Minimax|4.2072|4247|
Random|0.0010|
Minimax|6.2151|6194|
Random|0.0010|
Minimax|4.7601|5827|
Random|0.0000|
Minimax|4.8229|6315|
Random|0.0010|
Minimax|5.2046|6642|
Random|0.0000|
Minimax|5.9361|6575|
Random|0.0000|
Minimax|7.4415|8113|
Random|0.0010|
Minimax|8.6961|9546|
Random|0.0015|
Minimax|7.5850|9208|
Random|0.0010|
Minimax|10.8008|13223|
Random|0.0010|
Minimax|7.6032|9556|
Random|0.0000|
Minimax|12.3751|15367|
Random|0.0000|
Minimax|9.1959|11528|
Random|0.0000|
Minimax|9.3497|11591|
Random|0.0010|
Minimax|8.8303|11109|
Random|0.0000|
Minimax|8.6807|10596|
Random|0.0010|
Minimax|5.0006|6092|
Random|0.0010|
Minimax|5.4560|7295|
Random|0.0000|
Minimax|5.7820|7650|
Random|0.0000|
Minimax|4.5888|6167|
Random|0.0000|
Minimax|3.6865|4838|
Random|0.0000|
Minimax|4.6771|6290|
Random|0.0000|
Minimax|4.2500|5693|
Random|0.0000|
Minimax|3.4303|4590|
Random|0.0010|
Minimax|3.7006|4801|
Random|0.0000|
Minimax|2.2828|3065|
Random|0.0000|
Minimax|7.0292|9171|
Random|0.0000|
Minimax|4.6058|6260|
Random|0.0010|
Minimax|5.2168|6745|
Random|0.0000|
Minimax|4.7031|6135|
Random|0.0000|
Minimax|4.6170|6120|
Random|0.0000|
Minimax|4.9129|6615|
Random|0.0000|
Minimax|2.9516|3835|
Random|0.0000|
Minimax|5.2147|7060|
Random|0.0000|
Minimax|3.8921|5230|
Random|0.0000|
Minimax|5.1786|6939|
Random|0.0010|
Minimax|4.2968|5542|
Random|0.0000|
Minimax|3.6842|4951|
Random|0.0000|
Minimax|5.5931|7335|
Random|0.0000|
Minimax|2.8888|3841|
Random|0.0015|
Minimax|5.2773|6836|
Random|0.0000|
Minimax|4.0641|5376|
Random|0.0000|
Minimax|4.3910|5760|
Random|0.0010|
Minimax|3.0471|4085|
Random|0.0010|
Minimax|5.2698|6911|
Random|0.0000|
Minimax|5.0705|6729|
Random|0.0000|
Minimax|3.9468|5190|
Random|0.0000|
Minimax|2.5630|3453|
Random|0.0000|
Minimax|4.0179|5255|
Random|0.0005|
Minimax|5.0410|6731|
Random|0.0000|
Minimax|3.9318|5238|
Random|0.0000|
Minimax|3.0381|4086|
Random|0.0000|
Minimax|4.1130|5471|
Random|0.0000|
Minimax|3.8963|5026|
Random|0.0000|
Minimax|5.2183|6929|
Random|0.0000|
Minimax|5.1275|6852|
Random|0.0000|
Minimax|3.5055|4619|
Random|0.0000|
Minimax|5.7985|7754|
Random|0.0000|
Minimax|3.6542|4829|
Random|0.0000|
Minimax|6.3045|8430|
Random|0.0015|
Minimax|5.8313|7741|
Random|0.0000|
Minimax|6.2855|8461|
Random|0.0000|
Minimax|6.7526|8942|
Random|0.0000|
Minimax|2.7042|3651|
Random|0.0010|
Minimax|4.4940|5948|
Random|0.0010|
Minimax|3.8525|5204|
Random|0.0000|
Minimax|5.1095|6804|
Random|0.0000|
Minimax|2.9670|3897|
Random|0.0000|
Minimax|5.3808|7060|
Random|0.0011|
Minimax|4.3080|5677|
Random|0.0000|
Minimax|5.6511|7429|
Random|0.0000|
Minimax|4.3416|5783|
Random|0.0000|
Minimax|6.5762|8613|
Random|0.0000|
Minimax|2.9234|3949|
Random|0.0000|
Minimax|4.4202|5804|
Random|0.0000|
Minimax|4.9503|6579|
Random|0.0000|
Minimax|6.2568|8356|
Random|0.0000|
Minimax|3.8134|5150|
Random|0.0000|
Minimax|3.8596|5100|
Random|0.0000|
Minimax|3.2114|4341|
Random|0.0000|
Minimax|6.4412|8388|
Random|0.0000|
Minimax|3.8222|5130|
Random|0.0005|
Minimax|3.6620|4758|
Random|0.0000|
Minimax|4.3716|5823|
Random|0.0000|
Minimax|5.4186|7164|
Random|0.0010|
Minimax|3.3293|4525|
Random|0.0010|
Minimax|3.7525|5000|
Random|0.0000|
Minimax|5.1537|6901|
Random|0.0000|
Minimax|6.0249|8010|
Random|0.0000|
Minimax|4.0460|5407|
Random|0.0000|
Minimax|6.3633|8369|
Random|0.0000|
Minimax|3.1019|4197|
Random|0.0000|
Minimax|5.0685|6721|
Random|0.0010|
Minimax|3.1365|4231|
Random|0.0000|
Minimax|7.1250|9417|
Random|0.0000|
Minimax|4.6062|6146|
Random|0.0000|
Minimax|4.4644|5841|
Random|0.0010|
Minimax|5.0551|6806|
Random|0.0010|
Minimax|6.5858|8694|
Random|0.0000|
Minimax|4.9327|6642|
Random|0.0000|
Minimax|3.8611|5159|
Random|0.0000|
Minimax|4.7845|6499|
Random|0.0000|
Minimax|4.3678|5674|
Random|0.0005|
Minimax|4.2277|5624|
Random|0.0000|
Minimax|4.3426|5703|
Random|0.0005|
Minimax|4.8639|6594|
Random|0.0000|
Minimax|3.7979|4998|
Random|0.0000|
Minimax|3.3397|4471|
Random|0.0010|
Minimax|4.7861|6277|
Random|0.0000|
Minimax|3.5733|4777|
Random|0.0000|
Minimax|5.4068|7057|
Random|0.0000|
Minimax|4.4579|5957|
Random|0.0000|
Minimax|4.8821|6435|
Random|0.0010|
Minimax|3.3645|4389|
Random|0.0000|
Minimax|6.7495|8964|
Random|0.0000|
Minimax|3.8285|5015|
Random|0.0000|
Minimax|5.9226|7892|
Random|0.0000|
Minimax|2.8197|3812|
Random|0.0000|
Minimax|5.3609|7018|
Random|0.0000|
Minimax|4.5376|6039|
Random|0.0000|
Minimax|5.4105|7116|
Random|0.0000|
Minimax|5.3101|7144|
Random|0.0000|
Minimax|2.8770|3890|
Random|0.0000|
Minimax|3.3632|4529|
Random|0.0000|
Minimax|3.5676|4807|
Random|0.0000|
Minimax|4.3816|5984|
Random|0.0000|
Minimax|4.9421|6559|
Random|0.0000|
Minimax|2.8886|3857|
Random|0.0000|
Minimax|6.3599|8379|
Random|0.0000|
Minimax|5.2926|7018|
Random|0.0000|
Minimax|4.6905|6214|
Random|0.0010|
Minimax|5.6282|7516|
Random|0.0000|
Minimax|5.5542|7434|
Random|0.0010|
Minimax|5.9835|8042|
Random|0.0000|
Minimax|4.2994|5700|
Random|0.0000|
Minimax|2.8926|3956|
Random|0.0000|
Minimax|3.5285|4710|
Random|0.0000|
Minimax|6.5202|8704|
Random|0.0000|
Minimax|5.0816|6799|
Random|0.0000|
Minimax|4.4736|6069|
Random|0.0000|
Minimax|5.5012|7368|
Random|0.0000|
Minimax|4.6356|6393|
Random|0.0000|
Minimax|5.0122|6796|
Random|0.0000|
Minimax|3.0891|4202|
Random|0.0000|
Minimax|2.4566|3404|
Random|0.0000|
Minimax|4.0439|5459|
Random|0.0000|
Minimax|3.4616|4613|
Random|0.0000|
Minimax|4.2794|5745|
Random|0.0000|
Minimax|4.7977|6351|
Random|0.0000|
Minimax|3.6523|4890|
Random|0.0010|
Minimax|4.6731|5861|
Random|0.0000|
Minimax|2.5624|3477|
Random|0.0000|
Minimax|3.4375|4580|
Random|0.0010|
Minimax|4.4671|6004|
Random|0.0000|
Minimax|2.7588|3705|
Random|0.0010|
Minimax|2.8426|3892|
Random|0.0000|
Minimax|6.1626|8194|
Random|0.0000|
Minimax|5.4867|7263|
Random|0.0000|
Minimax|4.3346|5646|
Random|0.0000|
Minimax|3.8987|5227|
Random|0.0000|
Minimax|5.5876|7421|
Random|0.0000|
Minimax|3.0610|4176|
Random|0.0010|
Minimax|4.4510|5930|
Random|0.0000|
Minimax|2.7830|3790|
Random|0.0000|
Minimax|6.0770|8163|
Random|0.0000|
Minimax|3.6536|4910|
Random|0.0000|
Minimax|3.5433|4652|
Random|0.0000|
Minimax|3.4570|4599|
Random|0.0000|
Minimax|5.2573|6887|
Random|0.0000|
Minimax|5.0604|6771|
Random|0.0000|
Minimax|6.2492|8276|
Random|0.0000|
Minimax|5.8350|7837|
Random|0.0000|
Minimax|4.0985|5316|
Random|0.0000|
Minimax|4.8040|6401|
Random|0.0000|
Minimax|3.3825|4372|
Random|0.0000|
Minimax|3.7883|5073|
Random|0.0000|
Minimax|3.0234|4029|
Random|0.0000|
Minimax|3.5098|4697|
Random|0.0010|
Minimax|5.2427|6875|
Random|0.0000|
Minimax|5.1415|6676|
Random|0.0000|
Minimax|6.3331|8129|
Random|0.0000|
Minimax|4.3537|5720|
Random|0.0000|
Minimax|6.2546|8147|
Random|0.0000|
Minimax|3.4077|4467|
Random|0.0000|
Minimax|3.1410|4084|
Random|0.0000|
Minimax|3.3546|4441|
Random|0.0000|
Minimax|3.8702|5077|
Random|0.0005|
Minimax|5.4312|6917|
Random|0.0000|
Minimax|5.9443|7700|
Random|0.0010|
Minimax|5.4975|6922|
Random|0.0000|
Minimax|2.8682|3702|
Random|0.0000|
Minimax|2.6939|3553|
Random|0.0000|
Minimax|4.6485|5977|
Random|0.0010|
Minimax|4.2993|5552|
Random|0.0010|
Minimax|4.0906|5227|
Random|0.0000|
Minimax|5.0007|6597|
Random|0.0000|
Minimax|2.8406|3718|
Random|0.0000|
Minimax|3.8379|5110|
Random|0.0000|
Minimax|6.2418|8015|
Random|0.0000|
Minimax|2.6972|3559|
Random|0.0000|
Minimax|5.2698|6813|
Random|0.0000|
Minimax|5.3627|7070|
Random|0.0000|
Minimax|4.0259|5287|
Random|0.0000|
Minimax|2.6860|3535|
Random|0.0000|
Minimax|5.4161|7122|
Random|0.0000|
Minimax|3.1478|4211|
Random|0.0010|
Minimax|4.6420|5981|
Random|0.0000|
Minimax|5.3717|7141|
Random|0.0010|
Minimax|6.0622|7967|
Random|0.0000|
Minimax|4.1639|5534|
Random|0.0010|
Minimax|6.0156|7938|
Random|0.0000|
Minimax|3.4330|4571|
Random|0.0000|
Minimax|3.7411|4955|
Random|0.0000|
Minimax|3.9089|5009|
Random|0.0010|
Minimax|3.9234|4982|
Random|0.0010|
Minimax|4.2486|5444|
Random|0.0000|
Minimax|6.2360|7578|
Random|0.0000|
Minimax|4.6441|5904|
Random|0.0010|
Minimax|6.1597|7775|
Random|0.0000|
Minimax|4.7109|5978|
Random|0.0000|
Minimax|3.8736|4823|
Random|0.0010|
Minimax|4.5186|5749|
Random|0.0000|
Minimax|6.1967|7918|
Random|0.0000|
Minimax|5.5231|7123|
Random|0.0010|
Minimax|3.6931|4626|
Random|0.0000|
Minimax|5.0444|6547|
Random|0.0000|
Minimax|4.1439|5110|
Random|0.0000|
Minimax|3.0516|3774|
Random|0.0000|
Minimax|3.0363|3658|
Random|0.0000|
Minimax|2.8528|3446|
Random|0.0000|
Minimax|4.6394|5662|
Random|0.0000|
Minimax|5.8614|7182|
Random|0.0000|
Minimax|3.0062|3768|
Random|0.0005|
Minimax|3.1679|4020|
Random|0.0000|
Minimax|5.9438|7393|
Random|0.0000|
Minimax|4.9216|6085|
Random|0.0000|
Minimax|3.3930|4234|
Random|0.0000|
Minimax|4.1759|5260|
Random|0.0000|
Minimax|5.0809|6383|
Random|0.0000|
Minimax|4.0550|4979|
Random|0.0010|
Minimax|3.8155|4588|
Random|0.0000|
Minimax|5.8490|7221|
Random|0.0000|
Minimax|3.9344|5006|
Random|0.0000|
Minimax|5.4171|6915|
Random|0.0010|
Minimax|6.6249|8112|
Random|0.0000|
Minimax|3.0483|3855|
Random|0.0000|
Minimax|4.7747|6045|
Random|0.0000|
Minimax|3.1269|4036|
Random|0.0010|
Minimax|5.6051|6976|
Random|0.0000|
Minimax|5.7219|7415|
Random|0.0000|
Minimax|6.7376|8579|
Random|0.0000|
Minimax|2.7554|3695|
Random|0.0000|
Minimax|3.5174|4592|
Random|0.0015|
Minimax|2.7137|3620|
Random|0.0000|
Minimax|4.3488|5596|
Random|0.0015|
Minimax|6.3608|8270|
Random|0.0000|
Minimax|6.0607|7812|
Random|0.0000|
Minimax|4.2039|5530|
Random|0.0010|
Minimax|3.7727|4831|
Random|0.0000|
Minimax|5.5311|7230|
Random|0.0000|
Minimax|3.0780|3963|
Random|0.0000|
Minimax|5.5112|6991|
Random|0.0010|
Minimax|5.7216|7119|
Random|0.0005|
Minimax|4.2369|5459|
Random|0.0000|
Minimax|5.4887|7064|
Random|0.0000|
Minimax|3.9646|5208|
Random|0.0000|
Minimax|3.9487|5067|
Random|0.0000|
Minimax|5.2566|6868|
Random|0.0000|
Minimax|5.0490|6387|
Random|0.0000|
Minimax|5.6812|7394|
Random|0.0000|
Minimax|5.4991|6951|
Random|0.0000|
Minimax|2.7980|3597|
Random|0.0000|
Minimax|5.9130|7529|
Random|0.0000|
Minimax|4.7181|6104|
Random|0.0000|
Minimax|4.6336|6042|
Random|0.0000|
Minimax|2.7797|3587|
Random|0.0000|
Minimax|2.6657|3466|
Random|0.0000|
Minimax|3.4079|4497|
Random|0.0010|
Minimax|5.4904|7125|
Random|0.0000|
Minimax|4.3045|5609|
Random|0.0010|
Minimax|5.0817|6596|
Random|0.0000|
Minimax|3.0392|3958|
Random|0.0000|
Minimax|6.4476|8144|
Random|0.0000|
Minimax|5.4918|7093|
Random|0.0015|
Minimax|6.2247|8141|
Random|0.0010|
Minimax|4.5129|5837|
Random|0.0000|
Minimax|3.7754|4889|
Random|0.0000|
Minimax|4.8875|6304|
Random|0.0000|
Minimax|4.9431|6370|
Random|0.0010|
Minimax|3.8242|5080|
Random|0.0010|
Minimax|4.4656|5736|
Random|0.0000|
Minimax|3.6271|4796|
Random|0.0000|
Minimax|3.8733|5007|
Random|0.0000|
Minimax|3.9336|5280|
Random|0.0015|
Minimax|3.5973|4655|
Random|0.0000|
Minimax|3.5541|4672|
Random|0.0000|
Minimax|5.3217|7012|
Random|0.0010|
Minimax|4.4826|5929|
Random|0.0000|
Minimax|6.7497|8764|
Random|0.0010|
Minimax|4.8582|6383|
Random|0.0000|
Minimax|5.4519|7015|
Random|0.0000|
Minimax|4.9924|6528|
Random|0.0000|
Minimax|5.2146|6850|
Random|0.0010|
Minimax|3.7876|5093|
Random|0.0000|
Minimax|2.7422|3642|
Random|0.0000|
Minimax|4.9227|6495|
Random|0.0000|
Minimax|5.3715|6962|
Random|0.0000|
Minimax|2.5323|3450|
Random|0.0000|
Minimax|2.7043|3616|
Random|0.0000|
Minimax|4.8108|6502|
Random|0.0000|
Minimax|4.4195|5845|
Random|0.0010|
Minimax|2.5488|3360|
Random|0.0000|
Minimax|4.3124|5690|
Random|0.0000|
Minimax|5.5732|7252|
Random|0.0000|
Minimax|6.6078|8731|
Random|0.0005|
Minimax|4.9031|6606|
Random|0.0000|
Minimax|4.5185|5979|
Random|0.0005|
Minimax|4.1819|5540|
Random|0.0010|
Minimax|4.0493|5444|
Random|0.0000|
Minimax|4.5531|6078|
Random|0.0000|
Minimax|3.9469|5258|
Random|0.0000|
Minimax|3.7562|5015|
Random|0.0010|
Minimax|3.3998|4553|
Random|0.0000|
Minimax|4.4639|5890|
Random|0.0000|
Minimax|5.1844|6902|
Random|0.0000|
Minimax|5.1148|6944|
Random|0.0010|
Minimax|5.6795|7471|
Random|0.0000|
Minimax|5.0860|6861|
Random|0.0000|
Minimax|6.2973|8363|
Random|0.0000|
Minimax|3.7952|5106|
Random|0.0000|
Minimax|5.5579|7265|
Random|0.0015|
Minimax|3.2814|4394|
Random|0.0000|
Minimax|5.8382|7833|
Deadlock,aborted

